

Started GET "/" for ::1 at 2016-10-05 10:21:38 -0300

ActiveRecord::PendingMigrationError (

Migrations are pending. To resolve this issue, run:

	bin/rake db:migrate RAILS_ENV=development

):
  activerecord (4.2.6) lib/active_record/migration.rb:392:in `check_pending!'
  activerecord (4.2.6) lib/active_record/migration.rb:373:in `call'
  actionpack (4.2.6) lib/action_dispatch/middleware/callbacks.rb:29:in `block in call'
  activesupport (4.2.6) lib/active_support/callbacks.rb:88:in `__run_callbacks__'
  activesupport (4.2.6) lib/active_support/callbacks.rb:778:in `_run_call_callbacks'
  activesupport (4.2.6) lib/active_support/callbacks.rb:81:in `run_callbacks'
  actionpack (4.2.6) lib/action_dispatch/middleware/callbacks.rb:27:in `call'
  actionpack (4.2.6) lib/action_dispatch/middleware/reloader.rb:73:in `call'
  actionpack (4.2.6) lib/action_dispatch/middleware/remote_ip.rb:78:in `call'
  actionpack (4.2.6) lib/action_dispatch/middleware/debug_exceptions.rb:17:in `call'
  web-console (2.3.0) lib/web_console/middleware.rb:28:in `block in call'
  web-console (2.3.0) lib/web_console/middleware.rb:18:in `catch'
  web-console (2.3.0) lib/web_console/middleware.rb:18:in `call'
  actionpack (4.2.6) lib/action_dispatch/middleware/show_exceptions.rb:30:in `call'
  railties (4.2.6) lib/rails/rack/logger.rb:38:in `call_app'
  railties (4.2.6) lib/rails/rack/logger.rb:20:in `block in call'
  activesupport (4.2.6) lib/active_support/tagged_logging.rb:68:in `block in tagged'
  activesupport (4.2.6) lib/active_support/tagged_logging.rb:26:in `tagged'
  activesupport (4.2.6) lib/active_support/tagged_logging.rb:68:in `tagged'
  railties (4.2.6) lib/rails/rack/logger.rb:20:in `call'
  actionpack (4.2.6) lib/action_dispatch/middleware/request_id.rb:21:in `call'
  rack (1.6.4) lib/rack/methodoverride.rb:22:in `call'
  rack (1.6.4) lib/rack/runtime.rb:18:in `call'
  activesupport (4.2.6) lib/active_support/cache/strategy/local_cache_middleware.rb:28:in `call'
  rack (1.6.4) lib/rack/lock.rb:17:in `call'
  actionpack (4.2.6) lib/action_dispatch/middleware/static.rb:120:in `call'
  rack (1.6.4) lib/rack/sendfile.rb:113:in `call'
  railties (4.2.6) lib/rails/engine.rb:518:in `call'
  railties (4.2.6) lib/rails/application.rb:165:in `call'
  rack (1.6.4) lib/rack/lock.rb:17:in `call'
  rack (1.6.4) lib/rack/content_length.rb:15:in `call'
  rack (1.6.4) lib/rack/handler/webrick.rb:88:in `service'
  /home/red/.rvm/rubies/ruby-2.2.1/lib/ruby/2.2.0/webrick/httpserver.rb:138:in `service'
  /home/red/.rvm/rubies/ruby-2.2.1/lib/ruby/2.2.0/webrick/httpserver.rb:94:in `run'
  /home/red/.rvm/rubies/ruby-2.2.1/lib/ruby/2.2.0/webrick/server.rb:294:in `block in start_thread'


  Rendered /home/red/.rvm/gems/ruby-2.2.1/gems/actionpack-4.2.6/lib/action_dispatch/middleware/templates/rescues/_source.erb (5.2ms)
  Rendered /home/red/.rvm/gems/ruby-2.2.1/gems/actionpack-4.2.6/lib/action_dispatch/middleware/templates/rescues/_trace.html.erb (2.5ms)
  Rendered /home/red/.rvm/gems/ruby-2.2.1/gems/actionpack-4.2.6/lib/action_dispatch/middleware/templates/rescues/_request_and_response.html.erb (1.3ms)
  Rendered /home/red/.rvm/gems/ruby-2.2.1/gems/actionpack-4.2.6/lib/action_dispatch/middleware/templates/rescues/diagnostics.html.erb within rescues/layout (32.3ms)
  Rendered /home/red/.rvm/gems/ruby-2.2.1/gems/web-console-2.3.0/lib/web_console/templates/_markup.html.erb (1.5ms)
  Rendered /home/red/.rvm/gems/ruby-2.2.1/gems/web-console-2.3.0/lib/web_console/templates/_inner_console_markup.html.erb within layouts/inlined_string (0.5ms)
  Rendered /home/red/.rvm/gems/ruby-2.2.1/gems/web-console-2.3.0/lib/web_console/templates/_prompt_box_markup.html.erb within layouts/inlined_string (0.6ms)
  Rendered /home/red/.rvm/gems/ruby-2.2.1/gems/web-console-2.3.0/lib/web_console/templates/style.css.erb within layouts/inlined_string (0.5ms)
  Rendered /home/red/.rvm/gems/ruby-2.2.1/gems/web-console-2.3.0/lib/web_console/templates/console.js.erb within layouts/javascript (104.9ms)
  Rendered /home/red/.rvm/gems/ruby-2.2.1/gems/web-console-2.3.0/lib/web_console/templates/main.js.erb within layouts/javascript (0.6ms)
  Rendered /home/red/.rvm/gems/ruby-2.2.1/gems/web-console-2.3.0/lib/web_console/templates/error_page.js.erb within layouts/javascript (0.7ms)
  Rendered /home/red/.rvm/gems/ruby-2.2.1/gems/web-console-2.3.0/lib/web_console/templates/index.html.erb (146.1ms)
  [1m[36m (101.3ms)[0m  [1mCREATE TABLE "schema_migrations" ("version" varchar NOT NULL) [0m
  [1m[35m (0.1ms)[0m  select sqlite_version(*)
  [1m[36m (88.4ms)[0m  [1mCREATE UNIQUE INDEX "unique_schema_migrations" ON "schema_migrations" ("version")[0m
  [1m[35mActiveRecord::SchemaMigration Load (0.1ms)[0m  SELECT "schema_migrations".* FROM "schema_migrations"
Migrating to CreateItems (20160823194712)
  [1m[36m (0.1ms)[0m  [1mbegin transaction[0m
  [1m[35m (0.5ms)[0m  CREATE TABLE "items" ("id" INTEGER PRIMARY KEY AUTOINCREMENT NOT NULL, "Place" varchar, "description" text, "region" varchar, "weather" varchar, "environment" varchar, "activities" varchar, "created_at" datetime NOT NULL, "updated_at" datetime NOT NULL) 
  [1m[36mSQL (0.2ms)[0m  [1mINSERT INTO "schema_migrations" ("version") VALUES (?)[0m  [["version", "20160823194712"]]
  [1m[35m (131.9ms)[0m  commit transaction
Migrating to DeviseCreateUsers (20160823201950)
  [1m[36m (0.1ms)[0m  [1mbegin transaction[0m
  [1m[35m (0.4ms)[0m  CREATE TABLE "users" ("id" INTEGER PRIMARY KEY AUTOINCREMENT NOT NULL, "email" varchar DEFAULT '' NOT NULL, "encrypted_password" varchar DEFAULT '' NOT NULL, "reset_password_token" varchar, "reset_password_sent_at" datetime, "remember_created_at" datetime, "sign_in_count" integer DEFAULT 0 NOT NULL, "current_sign_in_at" datetime, "last_sign_in_at" datetime, "current_sign_in_ip" varchar, "last_sign_in_ip" varchar, "created_at" datetime NOT NULL, "updated_at" datetime NOT NULL) 
  [1m[36m (0.2ms)[0m  [1mCREATE UNIQUE INDEX "index_users_on_email" ON "users" ("email")[0m
  [1m[35m (0.3ms)[0m              SELECT sql
            FROM sqlite_master
            WHERE name='index_users_on_email' AND type='index'
            UNION ALL
            SELECT sql
            FROM sqlite_temp_master
            WHERE name='index_users_on_email' AND type='index'

  [1m[36m (0.2ms)[0m  [1mCREATE UNIQUE INDEX "index_users_on_reset_password_token" ON "users" ("reset_password_token")[0m
  [1m[35mSQL (0.1ms)[0m  INSERT INTO "schema_migrations" ("version") VALUES (?)  [["version", "20160823201950"]]
  [1m[36m (106.6ms)[0m  [1mcommit transaction[0m
Migrating to AddUserIdToItems (20160823202136)
  [1m[35m (0.1ms)[0m  begin transaction
  [1m[36m (0.4ms)[0m  [1mALTER TABLE "items" ADD "user_id" integer[0m
  [1m[35mSQL (0.2ms)[0m  INSERT INTO "schema_migrations" ("version") VALUES (?)  [["version", "20160823202136"]]
  [1m[36m (80.1ms)[0m  [1mcommit transaction[0m
Migrating to AddAttachmentImageToItems (20160823205701)
  [1m[35m (0.1ms)[0m  begin transaction
  [1m[36m (0.4ms)[0m  [1mALTER TABLE "items" ADD "image_file_name" varchar[0m
  [1m[35m (0.2ms)[0m  ALTER TABLE "items" ADD "image_content_type" varchar
  [1m[36m (0.2ms)[0m  [1mALTER TABLE "items" ADD "image_file_size" integer[0m
  [1m[35m (0.2ms)[0m  ALTER TABLE "items" ADD "image_updated_at" datetime
  [1m[36mSQL (0.2ms)[0m  [1mINSERT INTO "schema_migrations" ("version") VALUES (?)[0m  [["version", "20160823205701"]]
  [1m[35m (73.6ms)[0m  commit transaction
Migrating to CreateReviews (20160824203536)
  [1m[36m (0.1ms)[0m  [1mbegin transaction[0m
  [1m[35m (0.3ms)[0m  CREATE TABLE "reviews" ("id" INTEGER PRIMARY KEY AUTOINCREMENT NOT NULL, "rating" integer, "comment" text, "created_at" datetime NOT NULL, "updated_at" datetime NOT NULL) 
  [1m[36mSQL (0.2ms)[0m  [1mINSERT INTO "schema_migrations" ("version") VALUES (?)[0m  [["version", "20160824203536"]]
  [1m[35m (115.4ms)[0m  commit transaction
Migrating to AddUserIdToReviews (20160824203914)
  [1m[36m (0.1ms)[0m  [1mbegin transaction[0m
  [1m[35m (0.4ms)[0m  ALTER TABLE "reviews" ADD "user_id" integer
  [1m[36mSQL (0.1ms)[0m  [1mINSERT INTO "schema_migrations" ("version") VALUES (?)[0m  [["version", "20160824203914"]]
  [1m[35m (67.5ms)[0m  commit transaction
Migrating to AddItemIdToReviews (20160824205323)
  [1m[36m (0.1ms)[0m  [1mbegin transaction[0m
  [1m[35m (0.4ms)[0m  ALTER TABLE "reviews" ADD "item_id" integer
  [1m[36mSQL (0.1ms)[0m  [1mINSERT INTO "schema_migrations" ("version") VALUES (?)[0m  [["version", "20160824205323"]]
  [1m[35m (75.3ms)[0m  commit transaction
Migrating to AddPromedioToItems (20160923152607)
  [1m[36m (0.1ms)[0m  [1mbegin transaction[0m
  [1m[35m (0.4ms)[0m  ALTER TABLE "items" ADD "promedio" float
  [1m[36mSQL (0.2ms)[0m  [1mINSERT INTO "schema_migrations" ("version") VALUES (?)[0m  [["version", "20160923152607"]]
  [1m[35m (52.9ms)[0m  commit transaction
Migrating to AddPermisosAndAddNombreuAndAddNombrepAndAddApellidoToUsers (20160930154329)
  [1m[36m (0.1ms)[0m  [1mbegin transaction[0m
  [1m[35m (0.4ms)[0m  ALTER TABLE "users" ADD "permisos" boolean DEFAULT 'f' NOT NULL
  [1m[36m (0.2ms)[0m  [1mALTER TABLE "users" ADD "nombreu" varchar[0m
  [1m[35m (0.3ms)[0m  ALTER TABLE "users" ADD "nombrep" varchar
  [1m[36m (0.2ms)[0m  [1mALTER TABLE "users" ADD "apellido" varchar[0m
  [1m[35mSQL (0.2ms)[0m  INSERT INTO "schema_migrations" ("version") VALUES (?)  [["version", "20160930154329"]]
  [1m[36m (72.9ms)[0m  [1mcommit transaction[0m
Migrating to AddDireccionToItems (20160930173125)
  [1m[35m (0.1ms)[0m  begin transaction
  [1m[36m (0.4ms)[0m  [1mALTER TABLE "items" ADD "direccion" varchar[0m
  [1m[35mSQL (0.1ms)[0m  INSERT INTO "schema_migrations" ("version") VALUES (?)  [["version", "20160930173125"]]
  [1m[36m (75.0ms)[0m  [1mcommit transaction[0m
  [1m[35mActiveRecord::SchemaMigration Load (0.1ms)[0m  SELECT "schema_migrations".* FROM "schema_migrations"
  [1m[36m (0.2ms)[0m  [1m            SELECT sql
            FROM sqlite_master
            WHERE name='index_users_on_reset_password_token' AND type='index'
            UNION ALL
            SELECT sql
            FROM sqlite_temp_master
            WHERE name='index_users_on_reset_password_token' AND type='index'
[0m
  [1m[35m (0.2ms)[0m              SELECT sql
            FROM sqlite_master
            WHERE name='index_users_on_email' AND type='index'
            UNION ALL
            SELECT sql
            FROM sqlite_temp_master
            WHERE name='index_users_on_email' AND type='index'



Started GET "/" for ::1 at 2016-10-05 10:22:01 -0300
  [1m[36mActiveRecord::SchemaMigration Load (0.2ms)[0m  [1mSELECT "schema_migrations".* FROM "schema_migrations"[0m
Processing by ItemsController#index as HTML
  [1m[35mItem Load (0.3ms)[0m  SELECT "items".* FROM "items"
  Rendered items/index.html.erb within layouts/application (334.5ms)
  Rendered layouts/_header.html.erb (1.6ms)
Completed 200 OK in 6247ms (Views: 6166.9ms | ActiveRecord: 0.5ms)


Started GET "/assets/items.self-e3b0c44298fc1c149afbf4c8996fb92427ae41e4649b934ca495991b7852b855.css?body=1" for ::1 at 2016-10-05 10:22:08 -0300


Started GET "/assets/reviews.self-e3b0c44298fc1c149afbf4c8996fb92427ae41e4649b934ca495991b7852b855.css?body=1" for ::1 at 2016-10-05 10:22:08 -0300


Started GET "/assets/application.self-577ea84492e4abda05dc399afe6eec7c1c591fd741dc5814b136e4068c9ebcaa.css?body=1" for ::1 at 2016-10-05 10:22:08 -0300


Started GET "/assets/jquery.self-bd7ddd393353a8d2480a622e80342adf488fb6006d667e8b42e4c0073393abee.js?body=1" for ::1 at 2016-10-05 10:22:08 -0300


Started GET "/assets/jquery_ujs.self-784a997f6726036b1993eb2217c9cb558e1cbb801c6da88105588c56f13b466a.js?body=1" for ::1 at 2016-10-05 10:22:08 -0300


Started GET "/assets/turbolinks.self-c5acd7a204f5f25ce7a1d8a0e4d92e28d34c9e2df2c7371cd7af88e147e4ad82.js?body=1" for ::1 at 2016-10-05 10:22:08 -0300


Started GET "/assets/bootstrap/affix.self-3555752f8a930795ee9e56751a52e6871104ae85d01b3ab8363da3802a5ecc78.js?body=1" for ::1 at 2016-10-05 10:22:08 -0300


Started GET "/assets/bootstrap/alert.self-d8b7bd612b3dcfdefb7b5539b9d5848d66ccbd3e7af8bb8d48bfb3288aaa7be8.js?body=1" for ::1 at 2016-10-05 10:22:08 -0300


Started GET "/assets/bootstrap/button.self-e74d33ba39500940a78d6fa4d2d64f6ca7fd86d60a2149641f7fde7ba711d8a1.js?body=1" for ::1 at 2016-10-05 10:22:08 -0300


Started GET "/assets/bootstrap/carousel.self-35d204878d906298e55bc24553e11fd89b980fc4ffe5792fe36af8c0da289c54.js?body=1" for ::1 at 2016-10-05 10:22:08 -0300


Started GET "/assets/bootstrap/collapse.self-056c40532d9f0f126ec17e839f60c942f573fbd61a086e7f156306e3fc5e8c1f.js?body=1" for ::1 at 2016-10-05 10:22:08 -0300


Started GET "/assets/bootstrap/dropdown.self-e56c2ffee4618411d43ecf15c89273f6223847ad756e1cd17545d04afa732ed4.js?body=1" for ::1 at 2016-10-05 10:22:08 -0300


Started GET "/assets/bootstrap/modal.self-62463080dba6b9d024ff0a3192da0e76eacbc683194f3395047c6f5cfa0acb59.js?body=1" for ::1 at 2016-10-05 10:22:08 -0300


Started GET "/assets/bootstrap/scrollspy.self-52afd90e8ba97d9f08617a13986e8869d6c4a45751c0bff59a6f91241e722aca.js?body=1" for ::1 at 2016-10-05 10:22:08 -0300


Started GET "/assets/bootstrap/tab.self-dad0d5c377f9fae26394484535ebb23ccf68afae084f896af6ea4cdf8c9f6ae0.js?body=1" for ::1 at 2016-10-05 10:22:08 -0300


Started GET "/assets/bootstrap/transition.self-3b268d4cd8c79e46ded7392885f72f64ffb5b0d49948a12b8cf9779f6163e13a.js?body=1" for ::1 at 2016-10-05 10:22:08 -0300


Started GET "/assets/bootstrap/tooltip.self-facdc69246a072acb927ded77ff655f7c27a518b9357fddd45d119fbc8a0ab9f.js?body=1" for ::1 at 2016-10-05 10:22:08 -0300


Started GET "/assets/bootstrap/popover.self-210cff1fb4b72b71a29b5122180cb5937c8145cd13a934dc838280f1d9607a3e.js?body=1" for ::1 at 2016-10-05 10:22:08 -0300


Started GET "/assets/bootstrap-sprockets.self-fbfa5ad7d9aa0afe439ec4ff3883acc4cb92b62cb67c40d674320c9aa1d4642d.js?body=1" for ::1 at 2016-10-05 10:22:08 -0300


Started GET "/assets/items.self-877aef30ae1b040ab8a3aba4e3e309a11d7f2612f44dde450b5c157aa5f95c05.js?body=1" for ::1 at 2016-10-05 10:22:08 -0300


Started GET "/assets/jquery.raty.self-6794a6f99b3bef186c5cc78a6eee51f89d0a8d202d83cd7772cb0c89c7b962e8.js?body=1" for ::1 at 2016-10-05 10:22:08 -0300


Started GET "/assets/reviews.self-877aef30ae1b040ab8a3aba4e3e309a11d7f2612f44dde450b5c157aa5f95c05.js?body=1" for ::1 at 2016-10-05 10:22:08 -0300


Started GET "/assets/application.self-f8806224e027f3e3f0138ea9ce99319e298dfdb323304d1f1be6eae8e8c74724.js?body=1" for ::1 at 2016-10-05 10:22:08 -0300


Started GET "/javascripts/ratyrate.js" for ::1 at 2016-10-05 10:22:08 -0300

ActionController::RoutingError (No route matches [GET] "/javascripts/ratyrate.js"):
  actionpack (4.2.6) lib/action_dispatch/middleware/debug_exceptions.rb:21:in `call'
  web-console (2.3.0) lib/web_console/middleware.rb:28:in `block in call'
  web-console (2.3.0) lib/web_console/middleware.rb:18:in `catch'
  web-console (2.3.0) lib/web_console/middleware.rb:18:in `call'
  actionpack (4.2.6) lib/action_dispatch/middleware/show_exceptions.rb:30:in `call'
  railties (4.2.6) lib/rails/rack/logger.rb:38:in `call_app'
  railties (4.2.6) lib/rails/rack/logger.rb:20:in `block in call'
  activesupport (4.2.6) lib/active_support/tagged_logging.rb:68:in `block in tagged'
  activesupport (4.2.6) lib/active_support/tagged_logging.rb:26:in `tagged'
  activesupport (4.2.6) lib/active_support/tagged_logging.rb:68:in `tagged'
  railties (4.2.6) lib/rails/rack/logger.rb:20:in `call'
  actionpack (4.2.6) lib/action_dispatch/middleware/request_id.rb:21:in `call'
  rack (1.6.4) lib/rack/methodoverride.rb:22:in `call'
  rack (1.6.4) lib/rack/runtime.rb:18:in `call'
  activesupport (4.2.6) lib/active_support/cache/strategy/local_cache_middleware.rb:28:in `call'
  rack (1.6.4) lib/rack/lock.rb:17:in `call'
  actionpack (4.2.6) lib/action_dispatch/middleware/static.rb:120:in `call'
  rack (1.6.4) lib/rack/sendfile.rb:113:in `call'
  railties (4.2.6) lib/rails/engine.rb:518:in `call'
  railties (4.2.6) lib/rails/application.rb:165:in `call'
  rack (1.6.4) lib/rack/lock.rb:17:in `call'
  rack (1.6.4) lib/rack/content_length.rb:15:in `call'
  rack (1.6.4) lib/rack/handler/webrick.rb:88:in `service'
  /home/red/.rvm/rubies/ruby-2.2.1/lib/ruby/2.2.0/webrick/httpserver.rb:138:in `service'
  /home/red/.rvm/rubies/ruby-2.2.1/lib/ruby/2.2.0/webrick/httpserver.rb:94:in `run'
  /home/red/.rvm/rubies/ruby-2.2.1/lib/ruby/2.2.0/webrick/server.rb:294:in `block in start_thread'


  Rendered /home/red/.rvm/gems/ruby-2.2.1/gems/actionpack-4.2.6/lib/action_dispatch/middleware/templates/rescues/_trace.html.erb (3.0ms)
  Rendered /home/red/.rvm/gems/ruby-2.2.1/gems/actionpack-4.2.6/lib/action_dispatch/middleware/templates/routes/_route.html.erb (4.4ms)
  Rendered /home/red/.rvm/gems/ruby-2.2.1/gems/actionpack-4.2.6/lib/action_dispatch/middleware/templates/routes/_table.html.erb (34.5ms)
  Rendered /home/red/.rvm/gems/ruby-2.2.1/gems/actionpack-4.2.6/lib/action_dispatch/middleware/templates/rescues/_request_and_response.html.erb (2.0ms)
  Rendered /home/red/.rvm/gems/ruby-2.2.1/gems/actionpack-4.2.6/lib/action_dispatch/middleware/templates/rescues/routing_error.html.erb within rescues/layout (118.7ms)
  Rendered /home/red/.rvm/gems/ruby-2.2.1/gems/web-console-2.3.0/lib/web_console/templates/_markup.html.erb (1.6ms)
  Rendered /home/red/.rvm/gems/ruby-2.2.1/gems/web-console-2.3.0/lib/web_console/templates/_inner_console_markup.html.erb within layouts/inlined_string (0.5ms)
  Rendered /home/red/.rvm/gems/ruby-2.2.1/gems/web-console-2.3.0/lib/web_console/templates/_prompt_box_markup.html.erb within layouts/inlined_string (1.7ms)
  Rendered /home/red/.rvm/gems/ruby-2.2.1/gems/web-console-2.3.0/lib/web_console/templates/style.css.erb within layouts/inlined_string (0.5ms)
  Rendered /home/red/.rvm/gems/ruby-2.2.1/gems/web-console-2.3.0/lib/web_console/templates/console.js.erb within layouts/javascript (44.2ms)
  Rendered /home/red/.rvm/gems/ruby-2.2.1/gems/web-console-2.3.0/lib/web_console/templates/main.js.erb within layouts/javascript (0.5ms)
  Rendered /home/red/.rvm/gems/ruby-2.2.1/gems/web-console-2.3.0/lib/web_console/templates/error_page.js.erb within layouts/javascript (1.8ms)
  Rendered /home/red/.rvm/gems/ruby-2.2.1/gems/web-console-2.3.0/lib/web_console/templates/index.html.erb (79.1ms)
  [1m[36mActiveRecord::SchemaMigration Load (0.1ms)[0m  [1mSELECT "schema_migrations".* FROM "schema_migrations"[0m
  [1m[35mActiveRecord::SchemaMigration Load (0.1ms)[0m  SELECT "schema_migrations".* FROM "schema_migrations"
  [1m[36m (1.1ms)[0m  [1m            SELECT sql
            FROM sqlite_master
            WHERE name='index_users_on_reset_password_token' AND type='index'
            UNION ALL
            SELECT sql
            FROM sqlite_temp_master
            WHERE name='index_users_on_reset_password_token' AND type='index'
[0m
  [1m[35m (0.2ms)[0m              SELECT sql
            FROM sqlite_master
            WHERE name='index_users_on_email' AND type='index'
            UNION ALL
            SELECT sql
            FROM sqlite_temp_master
            WHERE name='index_users_on_email' AND type='index'



Started GET "/" for ::1 at 2016-10-05 10:50:57 -0300
  [1m[36mActiveRecord::SchemaMigration Load (0.1ms)[0m  [1mSELECT "schema_migrations".* FROM "schema_migrations"[0m
Processing by ItemsController#index as HTML
  [1m[35mItem Load (0.3ms)[0m  SELECT "items".* FROM "items"
  Rendered items/index.html.erb within layouts/application (268.2ms)
  Rendered layouts/_header.html.erb (3.2ms)
Completed 200 OK in 580ms (Views: 542.6ms | ActiveRecord: 0.4ms)


Started GET "/javascripts/ratyrate.js" for ::1 at 2016-10-05 10:50:58 -0300

ActionController::RoutingError (No route matches [GET] "/javascripts/ratyrate.js"):
  actionpack (4.2.6) lib/action_dispatch/middleware/debug_exceptions.rb:21:in `call'
  web-console (2.3.0) lib/web_console/middleware.rb:28:in `block in call'
  web-console (2.3.0) lib/web_console/middleware.rb:18:in `catch'
  web-console (2.3.0) lib/web_console/middleware.rb:18:in `call'
  actionpack (4.2.6) lib/action_dispatch/middleware/show_exceptions.rb:30:in `call'
  railties (4.2.6) lib/rails/rack/logger.rb:38:in `call_app'
  railties (4.2.6) lib/rails/rack/logger.rb:20:in `block in call'
  activesupport (4.2.6) lib/active_support/tagged_logging.rb:68:in `block in tagged'
  activesupport (4.2.6) lib/active_support/tagged_logging.rb:26:in `tagged'
  activesupport (4.2.6) lib/active_support/tagged_logging.rb:68:in `tagged'
  railties (4.2.6) lib/rails/rack/logger.rb:20:in `call'
  actionpack (4.2.6) lib/action_dispatch/middleware/request_id.rb:21:in `call'
  rack (1.6.4) lib/rack/methodoverride.rb:22:in `call'
  rack (1.6.4) lib/rack/runtime.rb:18:in `call'
  activesupport (4.2.6) lib/active_support/cache/strategy/local_cache_middleware.rb:28:in `call'
  rack (1.6.4) lib/rack/lock.rb:17:in `call'
  actionpack (4.2.6) lib/action_dispatch/middleware/static.rb:120:in `call'
  rack (1.6.4) lib/rack/sendfile.rb:113:in `call'
  railties (4.2.6) lib/rails/engine.rb:518:in `call'
  railties (4.2.6) lib/rails/application.rb:165:in `call'
  rack (1.6.4) lib/rack/lock.rb:17:in `call'
  rack (1.6.4) lib/rack/content_length.rb:15:in `call'
  rack (1.6.4) lib/rack/handler/webrick.rb:88:in `service'
  /home/red/.rvm/rubies/ruby-2.2.1/lib/ruby/2.2.0/webrick/httpserver.rb:138:in `service'
  /home/red/.rvm/rubies/ruby-2.2.1/lib/ruby/2.2.0/webrick/httpserver.rb:94:in `run'
  /home/red/.rvm/rubies/ruby-2.2.1/lib/ruby/2.2.0/webrick/server.rb:294:in `block in start_thread'


  Rendered /home/red/.rvm/gems/ruby-2.2.1/gems/actionpack-4.2.6/lib/action_dispatch/middleware/templates/rescues/_trace.html.erb (4.2ms)
  Rendered /home/red/.rvm/gems/ruby-2.2.1/gems/actionpack-4.2.6/lib/action_dispatch/middleware/templates/routes/_route.html.erb (7.9ms)
  Rendered /home/red/.rvm/gems/ruby-2.2.1/gems/actionpack-4.2.6/lib/action_dispatch/middleware/templates/routes/_table.html.erb (34.0ms)
  Rendered /home/red/.rvm/gems/ruby-2.2.1/gems/actionpack-4.2.6/lib/action_dispatch/middleware/templates/rescues/_request_and_response.html.erb (1.7ms)
  Rendered /home/red/.rvm/gems/ruby-2.2.1/gems/actionpack-4.2.6/lib/action_dispatch/middleware/templates/rescues/routing_error.html.erb within rescues/layout (99.6ms)
  Rendered /home/red/.rvm/gems/ruby-2.2.1/gems/web-console-2.3.0/lib/web_console/templates/_markup.html.erb (0.5ms)
  Rendered /home/red/.rvm/gems/ruby-2.2.1/gems/web-console-2.3.0/lib/web_console/templates/_inner_console_markup.html.erb within layouts/inlined_string (0.8ms)
  Rendered /home/red/.rvm/gems/ruby-2.2.1/gems/web-console-2.3.0/lib/web_console/templates/_prompt_box_markup.html.erb within layouts/inlined_string (0.8ms)
  Rendered /home/red/.rvm/gems/ruby-2.2.1/gems/web-console-2.3.0/lib/web_console/templates/style.css.erb within layouts/inlined_string (0.5ms)
  Rendered /home/red/.rvm/gems/ruby-2.2.1/gems/web-console-2.3.0/lib/web_console/templates/console.js.erb within layouts/javascript (35.8ms)
  Rendered /home/red/.rvm/gems/ruby-2.2.1/gems/web-console-2.3.0/lib/web_console/templates/main.js.erb within layouts/javascript (0.4ms)
  Rendered /home/red/.rvm/gems/ruby-2.2.1/gems/web-console-2.3.0/lib/web_console/templates/error_page.js.erb within layouts/javascript (1.6ms)
  Rendered /home/red/.rvm/gems/ruby-2.2.1/gems/web-console-2.3.0/lib/web_console/templates/index.html.erb (63.3ms)
  [1m[36m (477.5ms)[0m  [1mCREATE TABLE `items` (`id` int(11) auto_increment PRIMARY KEY, `Place` varchar(255), `description` text, `region` varchar(255), `weather` varchar(255), `environment` varchar(255), `activities` varchar(255), `created_at` datetime NOT NULL, `updated_at` datetime NOT NULL, `user_id` int(11), `image_file_name` varchar(255), `image_content_type` varchar(255), `image_file_size` int(11), `image_updated_at` datetime, `promedio` float, `direccion` varchar(255)) ENGINE=InnoDB[0m
  [1m[35m (268.9ms)[0m  CREATE TABLE `reviews` (`id` int(11) auto_increment PRIMARY KEY, `rating` int(11), `comment` text, `created_at` datetime NOT NULL, `updated_at` datetime NOT NULL, `user_id` int(11), `item_id` int(11)) ENGINE=InnoDB
  [1m[36m (276.4ms)[0m  [1mCREATE TABLE `users` (`id` int(11) auto_increment PRIMARY KEY, `email` varchar(255) DEFAULT '' NOT NULL, `encrypted_password` varchar(255) DEFAULT '' NOT NULL, `reset_password_token` varchar(255), `reset_password_sent_at` datetime, `remember_created_at` datetime, `sign_in_count` int(11) DEFAULT 0 NOT NULL, `current_sign_in_at` datetime, `last_sign_in_at` datetime, `current_sign_in_ip` varchar(255), `last_sign_in_ip` varchar(255), `created_at` datetime NOT NULL, `updated_at` datetime NOT NULL, `permisos` tinyint(1) DEFAULT 0 NOT NULL, `nombreu` varchar(255), `nombrep` varchar(255), `apellido` varchar(255)) ENGINE=InnoDB[0m
  [1m[35m (262.0ms)[0m  CREATE UNIQUE INDEX `index_users_on_email`  ON `users` (`email`) 
  [1m[36m (268.5ms)[0m  [1mCREATE UNIQUE INDEX `index_users_on_reset_password_token`  ON `users` (`reset_password_token`) [0m
  [1m[35m (251.4ms)[0m  CREATE TABLE `schema_migrations` (`version` varchar(255) NOT NULL) ENGINE=InnoDB
  [1m[36m (471.2ms)[0m  [1mCREATE UNIQUE INDEX `unique_schema_migrations`  ON `schema_migrations` (`version`) [0m
  [1m[35m (1.8ms)[0m  SELECT version FROM `schema_migrations`
  [1m[36m (42.1ms)[0m  [1mINSERT INTO `schema_migrations` (version) VALUES ('20160930173125')[0m
  [1m[35m (44.4ms)[0m  INSERT INTO `schema_migrations` (version) VALUES ('20160930154329')
  [1m[36m (44.4ms)[0m  [1mINSERT INTO `schema_migrations` (version) VALUES ('20160824203536')[0m
  [1m[35m (44.5ms)[0m  INSERT INTO `schema_migrations` (version) VALUES ('20160923152607')
  [1m[36m (44.4ms)[0m  [1mINSERT INTO `schema_migrations` (version) VALUES ('20160824203914')[0m
  [1m[35m (44.4ms)[0m  INSERT INTO `schema_migrations` (version) VALUES ('20160823194712')
  [1m[36m (44.5ms)[0m  [1mINSERT INTO `schema_migrations` (version) VALUES ('20160823202136')[0m
  [1m[35m (44.3ms)[0m  INSERT INTO `schema_migrations` (version) VALUES ('20160824205323')
  [1m[36m (44.6ms)[0m  [1mINSERT INTO `schema_migrations` (version) VALUES ('20160823205701')[0m
  [1m[35m (44.3ms)[0m  INSERT INTO `schema_migrations` (version) VALUES ('20160823201950')
  [1m[36m (265.4ms)[0m  [1mCREATE TABLE `items` (`id` int(11) auto_increment PRIMARY KEY, `Place` varchar(255), `description` text, `region` varchar(255), `weather` varchar(255), `environment` varchar(255), `activities` varchar(255), `created_at` datetime NOT NULL, `updated_at` datetime NOT NULL, `user_id` int(11), `image_file_name` varchar(255), `image_content_type` varchar(255), `image_file_size` int(11), `image_updated_at` datetime, `promedio` float, `direccion` varchar(255)) ENGINE=InnoDB[0m
  [1m[35m (267.3ms)[0m  CREATE TABLE `reviews` (`id` int(11) auto_increment PRIMARY KEY, `rating` int(11), `comment` text, `created_at` datetime NOT NULL, `updated_at` datetime NOT NULL, `user_id` int(11), `item_id` int(11)) ENGINE=InnoDB
  [1m[36m (322.1ms)[0m  [1mCREATE TABLE `users` (`id` int(11) auto_increment PRIMARY KEY, `email` varchar(255) DEFAULT '' NOT NULL, `encrypted_password` varchar(255) DEFAULT '' NOT NULL, `reset_password_token` varchar(255), `reset_password_sent_at` datetime, `remember_created_at` datetime, `sign_in_count` int(11) DEFAULT 0 NOT NULL, `current_sign_in_at` datetime, `last_sign_in_at` datetime, `current_sign_in_ip` varchar(255), `last_sign_in_ip` varchar(255), `created_at` datetime NOT NULL, `updated_at` datetime NOT NULL, `permisos` tinyint(1) DEFAULT 0 NOT NULL, `nombreu` varchar(255), `nombrep` varchar(255), `apellido` varchar(255)) ENGINE=InnoDB[0m
  [1m[35m (233.5ms)[0m  CREATE UNIQUE INDEX `index_users_on_email`  ON `users` (`email`) 
  [1m[36m (279.9ms)[0m  [1mCREATE UNIQUE INDEX `index_users_on_reset_password_token`  ON `users` (`reset_password_token`) [0m
  [1m[35m (333.9ms)[0m  CREATE TABLE `schema_migrations` (`version` varchar(255) NOT NULL) ENGINE=InnoDB
  [1m[36m (502.5ms)[0m  [1mCREATE UNIQUE INDEX `unique_schema_migrations`  ON `schema_migrations` (`version`) [0m
  [1m[35m (0.3ms)[0m  SELECT version FROM `schema_migrations`
  [1m[36m (32.7ms)[0m  [1mINSERT INTO `schema_migrations` (version) VALUES ('20160930173125')[0m
  [1m[35m (33.3ms)[0m  INSERT INTO `schema_migrations` (version) VALUES ('20160930154329')
  [1m[36m (33.3ms)[0m  [1mINSERT INTO `schema_migrations` (version) VALUES ('20160824203536')[0m
  [1m[35m (33.3ms)[0m  INSERT INTO `schema_migrations` (version) VALUES ('20160923152607')
  [1m[36m (33.3ms)[0m  [1mINSERT INTO `schema_migrations` (version) VALUES ('20160824203914')[0m
  [1m[35m (33.3ms)[0m  INSERT INTO `schema_migrations` (version) VALUES ('20160823194712')
  [1m[36m (33.3ms)[0m  [1mINSERT INTO `schema_migrations` (version) VALUES ('20160823202136')[0m
  [1m[35m (33.3ms)[0m  INSERT INTO `schema_migrations` (version) VALUES ('20160824205323')
  [1m[36m (33.3ms)[0m  [1mINSERT INTO `schema_migrations` (version) VALUES ('20160823205701')[0m
  [1m[35m (33.3ms)[0m  INSERT INTO `schema_migrations` (version) VALUES ('20160823201950')


Started GET "/" for ::1 at 2016-10-05 13:27:45 -0300
  [1m[36mActiveRecord::SchemaMigration Load (3.6ms)[0m  [1mSELECT `schema_migrations`.* FROM `schema_migrations`[0m
Processing by ItemsController#index as HTML
  [1m[35mItem Load (1.1ms)[0m  SELECT `items`.* FROM `items`
  Rendered items/index.html.erb within layouts/application (306.0ms)
  Rendered layouts/_header.html.erb (2.8ms)
Completed 200 OK in 660ms (Views: 635.6ms | ActiveRecord: 1.7ms)


Started GET "/javascripts/ratyrate.js" for ::1 at 2016-10-05 13:27:46 -0300

ActionController::RoutingError (No route matches [GET] "/javascripts/ratyrate.js"):
  actionpack (4.2.6) lib/action_dispatch/middleware/debug_exceptions.rb:21:in `call'
  web-console (2.3.0) lib/web_console/middleware.rb:28:in `block in call'
  web-console (2.3.0) lib/web_console/middleware.rb:18:in `catch'
  web-console (2.3.0) lib/web_console/middleware.rb:18:in `call'
  actionpack (4.2.6) lib/action_dispatch/middleware/show_exceptions.rb:30:in `call'
  railties (4.2.6) lib/rails/rack/logger.rb:38:in `call_app'
  railties (4.2.6) lib/rails/rack/logger.rb:20:in `block in call'
  activesupport (4.2.6) lib/active_support/tagged_logging.rb:68:in `block in tagged'
  activesupport (4.2.6) lib/active_support/tagged_logging.rb:26:in `tagged'
  activesupport (4.2.6) lib/active_support/tagged_logging.rb:68:in `tagged'
  railties (4.2.6) lib/rails/rack/logger.rb:20:in `call'
  actionpack (4.2.6) lib/action_dispatch/middleware/request_id.rb:21:in `call'
  rack (1.6.4) lib/rack/methodoverride.rb:22:in `call'
  rack (1.6.4) lib/rack/runtime.rb:18:in `call'
  activesupport (4.2.6) lib/active_support/cache/strategy/local_cache_middleware.rb:28:in `call'
  rack (1.6.4) lib/rack/lock.rb:17:in `call'
  actionpack (4.2.6) lib/action_dispatch/middleware/static.rb:120:in `call'
  rack (1.6.4) lib/rack/sendfile.rb:113:in `call'
  railties (4.2.6) lib/rails/engine.rb:518:in `call'
  railties (4.2.6) lib/rails/application.rb:165:in `call'
  rack (1.6.4) lib/rack/lock.rb:17:in `call'
  rack (1.6.4) lib/rack/content_length.rb:15:in `call'
  rack (1.6.4) lib/rack/handler/webrick.rb:88:in `service'
  /home/red/.rvm/rubies/ruby-2.2.1/lib/ruby/2.2.0/webrick/httpserver.rb:138:in `service'
  /home/red/.rvm/rubies/ruby-2.2.1/lib/ruby/2.2.0/webrick/httpserver.rb:94:in `run'
  /home/red/.rvm/rubies/ruby-2.2.1/lib/ruby/2.2.0/webrick/server.rb:294:in `block in start_thread'


  Rendered /home/red/.rvm/gems/ruby-2.2.1/gems/actionpack-4.2.6/lib/action_dispatch/middleware/templates/rescues/_trace.html.erb (7.8ms)
  Rendered /home/red/.rvm/gems/ruby-2.2.1/gems/actionpack-4.2.6/lib/action_dispatch/middleware/templates/routes/_route.html.erb (4.2ms)
  Rendered /home/red/.rvm/gems/ruby-2.2.1/gems/actionpack-4.2.6/lib/action_dispatch/middleware/templates/routes/_table.html.erb (12.1ms)
  Rendered /home/red/.rvm/gems/ruby-2.2.1/gems/actionpack-4.2.6/lib/action_dispatch/middleware/templates/rescues/_request_and_response.html.erb (1.8ms)
  Rendered /home/red/.rvm/gems/ruby-2.2.1/gems/actionpack-4.2.6/lib/action_dispatch/middleware/templates/rescues/routing_error.html.erb within rescues/layout (98.8ms)
  Rendered /home/red/.rvm/gems/ruby-2.2.1/gems/web-console-2.3.0/lib/web_console/templates/_markup.html.erb (1.0ms)
  Rendered /home/red/.rvm/gems/ruby-2.2.1/gems/web-console-2.3.0/lib/web_console/templates/_inner_console_markup.html.erb within layouts/inlined_string (0.6ms)
  Rendered /home/red/.rvm/gems/ruby-2.2.1/gems/web-console-2.3.0/lib/web_console/templates/_prompt_box_markup.html.erb within layouts/inlined_string (0.5ms)
  Rendered /home/red/.rvm/gems/ruby-2.2.1/gems/web-console-2.3.0/lib/web_console/templates/style.css.erb within layouts/inlined_string (0.6ms)
  Rendered /home/red/.rvm/gems/ruby-2.2.1/gems/web-console-2.3.0/lib/web_console/templates/console.js.erb within layouts/javascript (39.8ms)
  Rendered /home/red/.rvm/gems/ruby-2.2.1/gems/web-console-2.3.0/lib/web_console/templates/main.js.erb within layouts/javascript (0.5ms)
  Rendered /home/red/.rvm/gems/ruby-2.2.1/gems/web-console-2.3.0/lib/web_console/templates/error_page.js.erb within layouts/javascript (0.6ms)
  Rendered /home/red/.rvm/gems/ruby-2.2.1/gems/web-console-2.3.0/lib/web_console/templates/index.html.erb (69.0ms)


Started GET "/items?utf8=%E2%9C%93&search=" for ::1 at 2016-10-05 13:27:50 -0300
Processing by ItemsController#index as HTML
  Parameters: {"utf8"=>"✓", "search"=>""}
  [1m[36mItem Load (0.7ms)[0m  [1mSELECT `items`.* FROM `items` WHERE (place LIKE '%%' or region LIKE '%%')  ORDER BY created_at DESC[0m
  Rendered items/index.html.erb within layouts/application (4.7ms)
  Rendered layouts/_header.html.erb (0.7ms)
Completed 200 OK in 66ms (Views: 64.5ms | ActiveRecord: 0.7ms)


Started GET "/javascripts/ratyrate.js" for ::1 at 2016-10-05 13:27:50 -0300

ActionController::RoutingError (No route matches [GET] "/javascripts/ratyrate.js"):
  actionpack (4.2.6) lib/action_dispatch/middleware/debug_exceptions.rb:21:in `call'
  web-console (2.3.0) lib/web_console/middleware.rb:28:in `block in call'
  web-console (2.3.0) lib/web_console/middleware.rb:18:in `catch'
  web-console (2.3.0) lib/web_console/middleware.rb:18:in `call'
  actionpack (4.2.6) lib/action_dispatch/middleware/show_exceptions.rb:30:in `call'
  railties (4.2.6) lib/rails/rack/logger.rb:38:in `call_app'
  railties (4.2.6) lib/rails/rack/logger.rb:20:in `block in call'
  activesupport (4.2.6) lib/active_support/tagged_logging.rb:68:in `block in tagged'
  activesupport (4.2.6) lib/active_support/tagged_logging.rb:26:in `tagged'
  activesupport (4.2.6) lib/active_support/tagged_logging.rb:68:in `tagged'
  railties (4.2.6) lib/rails/rack/logger.rb:20:in `call'
  actionpack (4.2.6) lib/action_dispatch/middleware/request_id.rb:21:in `call'
  rack (1.6.4) lib/rack/methodoverride.rb:22:in `call'
  rack (1.6.4) lib/rack/runtime.rb:18:in `call'
  activesupport (4.2.6) lib/active_support/cache/strategy/local_cache_middleware.rb:28:in `call'
  rack (1.6.4) lib/rack/lock.rb:17:in `call'
  actionpack (4.2.6) lib/action_dispatch/middleware/static.rb:120:in `call'
  rack (1.6.4) lib/rack/sendfile.rb:113:in `call'
  railties (4.2.6) lib/rails/engine.rb:518:in `call'
  railties (4.2.6) lib/rails/application.rb:165:in `call'
  rack (1.6.4) lib/rack/lock.rb:17:in `call'
  rack (1.6.4) lib/rack/content_length.rb:15:in `call'
  rack (1.6.4) lib/rack/handler/webrick.rb:88:in `service'
  /home/red/.rvm/rubies/ruby-2.2.1/lib/ruby/2.2.0/webrick/httpserver.rb:138:in `service'
  /home/red/.rvm/rubies/ruby-2.2.1/lib/ruby/2.2.0/webrick/httpserver.rb:94:in `run'
  /home/red/.rvm/rubies/ruby-2.2.1/lib/ruby/2.2.0/webrick/server.rb:294:in `block in start_thread'


  Rendered /home/red/.rvm/gems/ruby-2.2.1/gems/actionpack-4.2.6/lib/action_dispatch/middleware/templates/rescues/_trace.html.erb (1.9ms)
  Rendered /home/red/.rvm/gems/ruby-2.2.1/gems/actionpack-4.2.6/lib/action_dispatch/middleware/templates/routes/_route.html.erb (2.5ms)
  Rendered /home/red/.rvm/gems/ruby-2.2.1/gems/actionpack-4.2.6/lib/action_dispatch/middleware/templates/routes/_table.html.erb (1.9ms)
  Rendered /home/red/.rvm/gems/ruby-2.2.1/gems/actionpack-4.2.6/lib/action_dispatch/middleware/templates/rescues/_request_and_response.html.erb (1.8ms)
  Rendered /home/red/.rvm/gems/ruby-2.2.1/gems/actionpack-4.2.6/lib/action_dispatch/middleware/templates/rescues/routing_error.html.erb within rescues/layout (49.9ms)
  Rendered /home/red/.rvm/gems/ruby-2.2.1/gems/web-console-2.3.0/lib/web_console/templates/_markup.html.erb (0.6ms)
  Rendered /home/red/.rvm/gems/ruby-2.2.1/gems/web-console-2.3.0/lib/web_console/templates/_inner_console_markup.html.erb within layouts/inlined_string (0.6ms)
  Rendered /home/red/.rvm/gems/ruby-2.2.1/gems/web-console-2.3.0/lib/web_console/templates/_prompt_box_markup.html.erb within layouts/inlined_string (0.5ms)
  Rendered /home/red/.rvm/gems/ruby-2.2.1/gems/web-console-2.3.0/lib/web_console/templates/style.css.erb within layouts/inlined_string (0.4ms)
  Rendered /home/red/.rvm/gems/ruby-2.2.1/gems/web-console-2.3.0/lib/web_console/templates/console.js.erb within layouts/javascript (26.2ms)
  Rendered /home/red/.rvm/gems/ruby-2.2.1/gems/web-console-2.3.0/lib/web_console/templates/main.js.erb within layouts/javascript (0.4ms)
  Rendered /home/red/.rvm/gems/ruby-2.2.1/gems/web-console-2.3.0/lib/web_console/templates/error_page.js.erb within layouts/javascript (0.6ms)
  Rendered /home/red/.rvm/gems/ruby-2.2.1/gems/web-console-2.3.0/lib/web_console/templates/index.html.erb (50.2ms)


Started GET "/javascripts/ratyrate.js" for ::1 at 2016-10-05 13:27:50 -0300

ActionController::RoutingError (No route matches [GET] "/javascripts/ratyrate.js"):
  actionpack (4.2.6) lib/action_dispatch/middleware/debug_exceptions.rb:21:in `call'
  web-console (2.3.0) lib/web_console/middleware.rb:28:in `block in call'
  web-console (2.3.0) lib/web_console/middleware.rb:18:in `catch'
  web-console (2.3.0) lib/web_console/middleware.rb:18:in `call'
  actionpack (4.2.6) lib/action_dispatch/middleware/show_exceptions.rb:30:in `call'
  railties (4.2.6) lib/rails/rack/logger.rb:38:in `call_app'
  railties (4.2.6) lib/rails/rack/logger.rb:20:in `block in call'
  activesupport (4.2.6) lib/active_support/tagged_logging.rb:68:in `block in tagged'
  activesupport (4.2.6) lib/active_support/tagged_logging.rb:26:in `tagged'
  activesupport (4.2.6) lib/active_support/tagged_logging.rb:68:in `tagged'
  railties (4.2.6) lib/rails/rack/logger.rb:20:in `call'
  actionpack (4.2.6) lib/action_dispatch/middleware/request_id.rb:21:in `call'
  rack (1.6.4) lib/rack/methodoverride.rb:22:in `call'
  rack (1.6.4) lib/rack/runtime.rb:18:in `call'
  activesupport (4.2.6) lib/active_support/cache/strategy/local_cache_middleware.rb:28:in `call'
  rack (1.6.4) lib/rack/lock.rb:17:in `call'
  actionpack (4.2.6) lib/action_dispatch/middleware/static.rb:120:in `call'
  rack (1.6.4) lib/rack/sendfile.rb:113:in `call'
  railties (4.2.6) lib/rails/engine.rb:518:in `call'
  railties (4.2.6) lib/rails/application.rb:165:in `call'
  rack (1.6.4) lib/rack/lock.rb:17:in `call'
  rack (1.6.4) lib/rack/content_length.rb:15:in `call'
  rack (1.6.4) lib/rack/handler/webrick.rb:88:in `service'
  /home/red/.rvm/rubies/ruby-2.2.1/lib/ruby/2.2.0/webrick/httpserver.rb:138:in `service'
  /home/red/.rvm/rubies/ruby-2.2.1/lib/ruby/2.2.0/webrick/httpserver.rb:94:in `run'
  /home/red/.rvm/rubies/ruby-2.2.1/lib/ruby/2.2.0/webrick/server.rb:294:in `block in start_thread'


  Rendered /home/red/.rvm/gems/ruby-2.2.1/gems/actionpack-4.2.6/lib/action_dispatch/middleware/templates/rescues/_trace.html.erb (2.4ms)
  Rendered /home/red/.rvm/gems/ruby-2.2.1/gems/actionpack-4.2.6/lib/action_dispatch/middleware/templates/routes/_route.html.erb (2.4ms)
  Rendered /home/red/.rvm/gems/ruby-2.2.1/gems/actionpack-4.2.6/lib/action_dispatch/middleware/templates/routes/_table.html.erb (2.1ms)
  Rendered /home/red/.rvm/gems/ruby-2.2.1/gems/actionpack-4.2.6/lib/action_dispatch/middleware/templates/rescues/_request_and_response.html.erb (3.4ms)
  Rendered /home/red/.rvm/gems/ruby-2.2.1/gems/actionpack-4.2.6/lib/action_dispatch/middleware/templates/rescues/routing_error.html.erb within rescues/layout (53.9ms)
  Rendered /home/red/.rvm/gems/ruby-2.2.1/gems/web-console-2.3.0/lib/web_console/templates/_markup.html.erb (0.5ms)
  Rendered /home/red/.rvm/gems/ruby-2.2.1/gems/web-console-2.3.0/lib/web_console/templates/_inner_console_markup.html.erb within layouts/inlined_string (0.5ms)
  Rendered /home/red/.rvm/gems/ruby-2.2.1/gems/web-console-2.3.0/lib/web_console/templates/_prompt_box_markup.html.erb within layouts/inlined_string (0.4ms)
  Rendered /home/red/.rvm/gems/ruby-2.2.1/gems/web-console-2.3.0/lib/web_console/templates/style.css.erb within layouts/inlined_string (0.5ms)
  Rendered /home/red/.rvm/gems/ruby-2.2.1/gems/web-console-2.3.0/lib/web_console/templates/console.js.erb within layouts/javascript (26.4ms)
  Rendered /home/red/.rvm/gems/ruby-2.2.1/gems/web-console-2.3.0/lib/web_console/templates/main.js.erb within layouts/javascript (0.6ms)
  Rendered /home/red/.rvm/gems/ruby-2.2.1/gems/web-console-2.3.0/lib/web_console/templates/error_page.js.erb within layouts/javascript (0.6ms)
  Rendered /home/red/.rvm/gems/ruby-2.2.1/gems/web-console-2.3.0/lib/web_console/templates/index.html.erb (51.6ms)


Started GET "/users/sign_in" for ::1 at 2016-10-05 13:29:25 -0300
Processing by Devise::SessionsController#new as HTML
  Rendered devise/shared/_links.html.erb (1.7ms)
  Rendered devise/sessions/new.html.erb within layouts/application (60.5ms)
  Rendered layouts/_header.html.erb (0.9ms)
Completed 200 OK in 160ms (Views: 138.6ms | ActiveRecord: 1.3ms)


Started GET "/users/sign_up" for ::1 at 2016-10-05 13:29:27 -0300
Processing by RegistrationsController#new as HTML
  Rendered devise/shared/_links.html.erb (0.6ms)
  Rendered devise/registrations/new.html.erb within layouts/application (9.5ms)
  Rendered layouts/_header.html.erb (0.9ms)
Completed 200 OK in 74ms (Views: 71.9ms | ActiveRecord: 0.0ms)


Started GET "/users/sign_up" for ::1 at 2016-10-05 13:29:52 -0300
Processing by RegistrationsController#new as HTML
  Rendered devise/shared/_links.html.erb (0.3ms)
  Rendered devise/registrations/new.html.erb within layouts/application (7.1ms)
  Rendered layouts/_header.html.erb (0.9ms)
Completed 200 OK in 72ms (Views: 70.9ms | ActiveRecord: 0.0ms)


Started POST "/users" for ::1 at 2016-10-05 13:30:08 -0300
Processing by RegistrationsController#create as HTML
  Parameters: {"utf8"=>"✓", "authenticity_token"=>"rfzvttqefcHjj/RIG2D5OadGgD0vfdCT2lxk94R2raAYscq58PIcdpmRw1GJzddw0E6Q9+5GARvBgFWSrGbghw==", "user"=>{"email"=>"overmind_red_1313@hotmail.com", "password"=>"[FILTERED]", "password_confirmation"=>"[FILTERED]", "nombrep"=>"Marco", "apellido"=>"Palacios", "nombreu"=>"Redleviathan12", "permisos"=>"1"}, "commit"=>"Registrarse"}
  [1m[35mSQL (0.2ms)[0m  BEGIN
  [1m[36mUser Exists (30.9ms)[0m  [1mSELECT  1 AS one FROM `users` WHERE `users`.`email` = BINARY 'overmind_red_1313@hotmail.com' LIMIT 1[0m
  [1m[35mSQL (1.6ms)[0m  INSERT INTO `users` (`nombrep`, `apellido`, `email`, `encrypted_password`, `nombreu`, `permisos`, `created_at`, `updated_at`) VALUES (?, ?, ?, ?, ?, ?, ?, ?)  [["nombrep", "Marco"], ["apellido", "Palacios"], ["email", "overmind_red_1313@hotmail.com"], ["encrypted_password", "$2a$11$cVIBZquEkW9WDnGi6JC6Beq6elZVcQTbd.K/8dAK9y7Or4.NInfj."], ["nombreu", "Redleviathan12"], ["permisos", 1], ["created_at", "2016-10-05 16:30:09"], ["updated_at", "2016-10-05 16:30:09"]]
  [1m[36m (45.2ms)[0m  [1mCOMMIT[0m
  [1m[35mSQL (0.2ms)[0m  BEGIN
  [1m[36mSQL (0.6ms)[0m  [1mUPDATE `users` SET `last_sign_in_at` = ?, `current_sign_in_at` = ?, `last_sign_in_ip` = ?, `current_sign_in_ip` = ?, `sign_in_count` = ?, `updated_at` = ? WHERE `users`.`id` = ?[0m  [["last_sign_in_at", "2016-10-05 16:30:09"], ["current_sign_in_at", "2016-10-05 16:30:09"], ["last_sign_in_ip", "::1"], ["current_sign_in_ip", "::1"], ["sign_in_count", 1], ["updated_at", "2016-10-05 16:30:09"], ["id", 1]]
  [1m[35m (34.7ms)[0m  COMMIT
Redirected to http://localhost:3000/
Completed 302 Found in 595ms (ActiveRecord: 113.5ms)


Started GET "/" for ::1 at 2016-10-05 13:30:09 -0300
Processing by ItemsController#index as HTML
  [1m[36mUser Load (1.2ms)[0m  [1mSELECT  `users`.* FROM `users` WHERE `users`.`id` = ?  ORDER BY `users`.`id` ASC LIMIT 1[0m  [["id", 1]]
  [1m[35mItem Load (0.5ms)[0m  SELECT `items`.* FROM `items`
  Rendered items/index.html.erb within layouts/application (7.5ms)
  Rendered layouts/_header.html.erb (0.7ms)
Completed 200 OK in 57ms (Views: 54.0ms | ActiveRecord: 1.7ms)


Started GET "/javascripts/ratyrate.js" for ::1 at 2016-10-05 13:30:09 -0300

ActionController::RoutingError (No route matches [GET] "/javascripts/ratyrate.js"):
  actionpack (4.2.6) lib/action_dispatch/middleware/debug_exceptions.rb:21:in `call'
  web-console (2.3.0) lib/web_console/middleware.rb:28:in `block in call'
  web-console (2.3.0) lib/web_console/middleware.rb:18:in `catch'
  web-console (2.3.0) lib/web_console/middleware.rb:18:in `call'
  actionpack (4.2.6) lib/action_dispatch/middleware/show_exceptions.rb:30:in `call'
  railties (4.2.6) lib/rails/rack/logger.rb:38:in `call_app'
  railties (4.2.6) lib/rails/rack/logger.rb:20:in `block in call'
  activesupport (4.2.6) lib/active_support/tagged_logging.rb:68:in `block in tagged'
  activesupport (4.2.6) lib/active_support/tagged_logging.rb:26:in `tagged'
  activesupport (4.2.6) lib/active_support/tagged_logging.rb:68:in `tagged'
  railties (4.2.6) lib/rails/rack/logger.rb:20:in `call'
  actionpack (4.2.6) lib/action_dispatch/middleware/request_id.rb:21:in `call'
  rack (1.6.4) lib/rack/methodoverride.rb:22:in `call'
  rack (1.6.4) lib/rack/runtime.rb:18:in `call'
  activesupport (4.2.6) lib/active_support/cache/strategy/local_cache_middleware.rb:28:in `call'
  rack (1.6.4) lib/rack/lock.rb:17:in `call'
  actionpack (4.2.6) lib/action_dispatch/middleware/static.rb:120:in `call'
  rack (1.6.4) lib/rack/sendfile.rb:113:in `call'
  railties (4.2.6) lib/rails/engine.rb:518:in `call'
  railties (4.2.6) lib/rails/application.rb:165:in `call'
  rack (1.6.4) lib/rack/lock.rb:17:in `call'
  rack (1.6.4) lib/rack/content_length.rb:15:in `call'
  rack (1.6.4) lib/rack/handler/webrick.rb:88:in `service'
  /home/red/.rvm/rubies/ruby-2.2.1/lib/ruby/2.2.0/webrick/httpserver.rb:138:in `service'
  /home/red/.rvm/rubies/ruby-2.2.1/lib/ruby/2.2.0/webrick/httpserver.rb:94:in `run'
  /home/red/.rvm/rubies/ruby-2.2.1/lib/ruby/2.2.0/webrick/server.rb:294:in `block in start_thread'


  Rendered /home/red/.rvm/gems/ruby-2.2.1/gems/actionpack-4.2.6/lib/action_dispatch/middleware/templates/rescues/_trace.html.erb (3.0ms)
  Rendered /home/red/.rvm/gems/ruby-2.2.1/gems/actionpack-4.2.6/lib/action_dispatch/middleware/templates/routes/_route.html.erb (5.4ms)
  Rendered /home/red/.rvm/gems/ruby-2.2.1/gems/actionpack-4.2.6/lib/action_dispatch/middleware/templates/routes/_table.html.erb (2.6ms)
  Rendered /home/red/.rvm/gems/ruby-2.2.1/gems/actionpack-4.2.6/lib/action_dispatch/middleware/templates/rescues/_request_and_response.html.erb (2.6ms)
  Rendered /home/red/.rvm/gems/ruby-2.2.1/gems/actionpack-4.2.6/lib/action_dispatch/middleware/templates/rescues/routing_error.html.erb within rescues/layout (71.7ms)
  Rendered /home/red/.rvm/gems/ruby-2.2.1/gems/web-console-2.3.0/lib/web_console/templates/_markup.html.erb (1.0ms)
  Rendered /home/red/.rvm/gems/ruby-2.2.1/gems/web-console-2.3.0/lib/web_console/templates/_inner_console_markup.html.erb within layouts/inlined_string (0.7ms)
  Rendered /home/red/.rvm/gems/ruby-2.2.1/gems/web-console-2.3.0/lib/web_console/templates/_prompt_box_markup.html.erb within layouts/inlined_string (0.6ms)
  Rendered /home/red/.rvm/gems/ruby-2.2.1/gems/web-console-2.3.0/lib/web_console/templates/style.css.erb within layouts/inlined_string (0.7ms)
  Rendered /home/red/.rvm/gems/ruby-2.2.1/gems/web-console-2.3.0/lib/web_console/templates/console.js.erb within layouts/javascript (35.8ms)
  Rendered /home/red/.rvm/gems/ruby-2.2.1/gems/web-console-2.3.0/lib/web_console/templates/main.js.erb within layouts/javascript (0.6ms)
  Rendered /home/red/.rvm/gems/ruby-2.2.1/gems/web-console-2.3.0/lib/web_console/templates/error_page.js.erb within layouts/javascript (0.7ms)
  Rendered /home/red/.rvm/gems/ruby-2.2.1/gems/web-console-2.3.0/lib/web_console/templates/index.html.erb (71.2ms)


Started GET "/javascripts/ratyrate.js" for ::1 at 2016-10-05 13:30:09 -0300

ActionController::RoutingError (No route matches [GET] "/javascripts/ratyrate.js"):
  actionpack (4.2.6) lib/action_dispatch/middleware/debug_exceptions.rb:21:in `call'
  web-console (2.3.0) lib/web_console/middleware.rb:28:in `block in call'
  web-console (2.3.0) lib/web_console/middleware.rb:18:in `catch'
  web-console (2.3.0) lib/web_console/middleware.rb:18:in `call'
  actionpack (4.2.6) lib/action_dispatch/middleware/show_exceptions.rb:30:in `call'
  railties (4.2.6) lib/rails/rack/logger.rb:38:in `call_app'
  railties (4.2.6) lib/rails/rack/logger.rb:20:in `block in call'
  activesupport (4.2.6) lib/active_support/tagged_logging.rb:68:in `block in tagged'
  activesupport (4.2.6) lib/active_support/tagged_logging.rb:26:in `tagged'
  activesupport (4.2.6) lib/active_support/tagged_logging.rb:68:in `tagged'
  railties (4.2.6) lib/rails/rack/logger.rb:20:in `call'
  actionpack (4.2.6) lib/action_dispatch/middleware/request_id.rb:21:in `call'
  rack (1.6.4) lib/rack/methodoverride.rb:22:in `call'
  rack (1.6.4) lib/rack/runtime.rb:18:in `call'
  activesupport (4.2.6) lib/active_support/cache/strategy/local_cache_middleware.rb:28:in `call'
  rack (1.6.4) lib/rack/lock.rb:17:in `call'
  actionpack (4.2.6) lib/action_dispatch/middleware/static.rb:120:in `call'
  rack (1.6.4) lib/rack/sendfile.rb:113:in `call'
  railties (4.2.6) lib/rails/engine.rb:518:in `call'
  railties (4.2.6) lib/rails/application.rb:165:in `call'
  rack (1.6.4) lib/rack/lock.rb:17:in `call'
  rack (1.6.4) lib/rack/content_length.rb:15:in `call'
  rack (1.6.4) lib/rack/handler/webrick.rb:88:in `service'
  /home/red/.rvm/rubies/ruby-2.2.1/lib/ruby/2.2.0/webrick/httpserver.rb:138:in `service'
  /home/red/.rvm/rubies/ruby-2.2.1/lib/ruby/2.2.0/webrick/httpserver.rb:94:in `run'
  /home/red/.rvm/rubies/ruby-2.2.1/lib/ruby/2.2.0/webrick/server.rb:294:in `block in start_thread'


  Rendered /home/red/.rvm/gems/ruby-2.2.1/gems/actionpack-4.2.6/lib/action_dispatch/middleware/templates/rescues/_trace.html.erb (2.5ms)
  Rendered /home/red/.rvm/gems/ruby-2.2.1/gems/actionpack-4.2.6/lib/action_dispatch/middleware/templates/routes/_route.html.erb (2.6ms)
  Rendered /home/red/.rvm/gems/ruby-2.2.1/gems/actionpack-4.2.6/lib/action_dispatch/middleware/templates/routes/_table.html.erb (3.3ms)
  Rendered /home/red/.rvm/gems/ruby-2.2.1/gems/actionpack-4.2.6/lib/action_dispatch/middleware/templates/rescues/_request_and_response.html.erb (1.6ms)
  Rendered /home/red/.rvm/gems/ruby-2.2.1/gems/actionpack-4.2.6/lib/action_dispatch/middleware/templates/rescues/routing_error.html.erb within rescues/layout (47.6ms)
  Rendered /home/red/.rvm/gems/ruby-2.2.1/gems/web-console-2.3.0/lib/web_console/templates/_markup.html.erb (0.4ms)
  Rendered /home/red/.rvm/gems/ruby-2.2.1/gems/web-console-2.3.0/lib/web_console/templates/_inner_console_markup.html.erb within layouts/inlined_string (0.4ms)
  Rendered /home/red/.rvm/gems/ruby-2.2.1/gems/web-console-2.3.0/lib/web_console/templates/_prompt_box_markup.html.erb within layouts/inlined_string (0.5ms)
  Rendered /home/red/.rvm/gems/ruby-2.2.1/gems/web-console-2.3.0/lib/web_console/templates/style.css.erb within layouts/inlined_string (0.6ms)
  Rendered /home/red/.rvm/gems/ruby-2.2.1/gems/web-console-2.3.0/lib/web_console/templates/console.js.erb within layouts/javascript (27.0ms)
  Rendered /home/red/.rvm/gems/ruby-2.2.1/gems/web-console-2.3.0/lib/web_console/templates/main.js.erb within layouts/javascript (0.5ms)
  Rendered /home/red/.rvm/gems/ruby-2.2.1/gems/web-console-2.3.0/lib/web_console/templates/error_page.js.erb within layouts/javascript (1.7ms)
  Rendered /home/red/.rvm/gems/ruby-2.2.1/gems/web-console-2.3.0/lib/web_console/templates/index.html.erb (55.8ms)


Started GET "/items/new" for ::1 at 2016-10-05 13:30:12 -0300
Processing by ItemsController#new as HTML
  [1m[36mUser Load (0.4ms)[0m  [1mSELECT  `users`.* FROM `users` WHERE `users`.`id` = ?  ORDER BY `users`.`id` ASC LIMIT 1[0m  [["id", 1]]
  Rendered items/_form.html.erb (29.2ms)
  Rendered items/new.html.erb within layouts/application (30.8ms)
  Rendered layouts/_header.html.erb (0.8ms)
Completed 200 OK in 172ms (Views: 112.3ms | ActiveRecord: 0.6ms)


Started POST "/items" for ::1 at 2016-10-05 13:31:02 -0300
Processing by ItemsController#create as HTML
  Parameters: {"utf8"=>"✓", "authenticity_token"=>"qtgKHOrepObYof/vRDLgpVcQ5L1tpJMCkXZiRk/23OAflS8TwLLFUaK/yPbWn87sIBj0d6yfQoqKqlMjZ+aRxw==", "item"=>{"image"=>#<ActionDispatch::Http::UploadedFile:0x007fcd91158d88 @tempfile=#<Tempfile:/tmp/RackMultipart20161005-10475-ttramy.jpg>, @original_filename="armada_de_chile.jpg", @content_type="image/jpeg", @headers="Content-Disposition: form-data; name=\"item[image]\"; filename=\"armada_de_chile.jpg\"\r\nContent-Type: image/jpeg\r\n">, "Place"=>"Edificio Armada de Chile", "description"=>"", "region"=>"Valparaíso", "environment"=>"Artificial", "activities"=>"Paseo Cultural", "direccion"=>"Sotomayor 594, Valparaíso, Región de Valparaíso, Chile"}, "button"=>""}
  [1m[35mUser Load (0.5ms)[0m  SELECT  `users`.* FROM `users` WHERE `users`.`id` = ?  ORDER BY `users`.`id` ASC LIMIT 1  [["id", 1]]
Command :: file -b --mime '/tmp/ee192e7ad58b19be886694a62366e37d20161005-10475-1s5hcqx.jpg'
Command :: identify -format '%wx%h,%[exif:orientation]' '/tmp/ee192e7ad58b19be886694a62366e37d20161005-10475-b18jst.jpg[0]' 2>/dev/null
Command :: identify -format %m '/tmp/ee192e7ad58b19be886694a62366e37d20161005-10475-b18jst.jpg[0]'
Command :: convert '/tmp/ee192e7ad58b19be886694a62366e37d20161005-10475-b18jst.jpg[0]' -auto-orient -resize "800x" -crop "800x360+0+86" +repage '/tmp/706d5c1b30a79502b05a3619d54fcb1620161005-10475-4nvg0g'
Command :: identify -format '%wx%h,%[exif:orientation]' '/tmp/ee192e7ad58b19be886694a62366e37d20161005-10475-b18jst.jpg[0]' 2>/dev/null
Command :: identify -format %m '/tmp/ee192e7ad58b19be886694a62366e37d20161005-10475-b18jst.jpg[0]'
Command :: convert '/tmp/ee192e7ad58b19be886694a62366e37d20161005-10475-b18jst.jpg[0]' -auto-orient -resize "400x" -crop "400x180+0+43" +repage '/tmp/706d5c1b30a79502b05a3619d54fcb1620161005-10475-17yau6k'
Command :: identify -format '%wx%h,%[exif:orientation]' '/tmp/ee192e7ad58b19be886694a62366e37d20161005-10475-b18jst.jpg[0]' 2>/dev/null
Command :: identify -format %m '/tmp/ee192e7ad58b19be886694a62366e37d20161005-10475-b18jst.jpg[0]'
Command :: convert '/tmp/ee192e7ad58b19be886694a62366e37d20161005-10475-b18jst.jpg[0]' -auto-orient -resize "100x100>" '/tmp/706d5c1b30a79502b05a3619d54fcb1620161005-10475-99v9to'
  [1m[36mSQL (0.2ms)[0m  [1mBEGIN[0m
Command :: file -b --mime '/tmp/ee192e7ad58b19be886694a62366e37d20161005-10475-tff87y.jpg'
  [1m[35mSQL (0.5ms)[0m  INSERT INTO `items` (`Place`, `description`, `region`, `environment`, `activities`, `image_file_name`, `image_content_type`, `image_file_size`, `image_updated_at`, `direccion`, `created_at`, `updated_at`) VALUES (?, ?, ?, ?, ?, ?, ?, ?, ?, ?, ?, ?)  [["Place", "Edificio Armada de Chile"], ["description", ""], ["region", "Valparaíso"], ["environment", "Artificial"], ["activities", "Paseo Cultural"], ["image_file_name", "armada_de_chile.jpg"], ["image_content_type", "image/png"], ["image_file_size", 635809], ["image_updated_at", "2016-10-05 16:31:02"], ["direccion", "Sotomayor 594, Valparaíso, Región de Valparaíso, Chile"], ["created_at", "2016-10-05 16:31:04"], ["updated_at", "2016-10-05 16:31:04"]]
  [1m[36m (46.3ms)[0m  [1mCOMMIT[0m
Redirected to http://localhost:3000/items/1
Completed 302 Found in 1405ms (ActiveRecord: 47.5ms)


Started GET "/items/1" for ::1 at 2016-10-05 13:31:04 -0300
Processing by ItemsController#show as HTML
  Parameters: {"id"=>"1"}
  [1m[35mItem Load (1.0ms)[0m  SELECT  `items`.* FROM `items` WHERE `items`.`id` = ? LIMIT 1  [["id", 1]]
  [1m[36mReview Load (0.6ms)[0m  [1mSELECT `reviews`.* FROM `reviews` WHERE `reviews`.`item_id` = ?[0m  [["item_id", 1]]
  [1m[35mSQL (0.1ms)[0m  BEGIN
  [1m[36mSQL (0.6ms)[0m  [1mUPDATE `items` SET `promedio` = ?, `updated_at` = ? WHERE `items`.`id` = ?[0m  [["promedio", 0.0], ["updated_at", "2016-10-05 16:31:04"], ["id", 1]]
  [1m[35m (46.5ms)[0m  COMMIT
  Rendered items/show.html.erb within layouts/application (5.8ms)
Completed 500 Internal Server Error in 117ms (ActiveRecord: 49.8ms)

ActionView::Template::Error (incompatible character encodings: UTF-8 and ASCII-8BIT):
    17:             </tr>
    18:             <tr>
    19:               <td><strong>Provincia: </strong></td>
    20:               <td><%= @item.region %></td>
    21:             </tr>
    22:             <tr>
    23:               <td><strong>Clima: </strong></td>
  app/views/items/show.html.erb:20:in `_app_views_items_show_html_erb___3944258949430736123_20344240'


  Rendered /home/red/.rvm/gems/ruby-2.2.1/gems/actionpack-4.2.6/lib/action_dispatch/middleware/templates/rescues/_source.erb (8.9ms)
  Rendered /home/red/.rvm/gems/ruby-2.2.1/gems/actionpack-4.2.6/lib/action_dispatch/middleware/templates/rescues/_trace.html.erb (3.5ms)
  Rendered /home/red/.rvm/gems/ruby-2.2.1/gems/actionpack-4.2.6/lib/action_dispatch/middleware/templates/rescues/_request_and_response.html.erb (1.8ms)
  Rendered /home/red/.rvm/gems/ruby-2.2.1/gems/actionpack-4.2.6/lib/action_dispatch/middleware/templates/rescues/template_error.html.erb within rescues/layout (34.1ms)
  Rendered /home/red/.rvm/gems/ruby-2.2.1/gems/web-console-2.3.0/lib/web_console/templates/_markup.html.erb (1.5ms)
  Rendered /home/red/.rvm/gems/ruby-2.2.1/gems/web-console-2.3.0/lib/web_console/templates/_inner_console_markup.html.erb within layouts/inlined_string (0.4ms)
  Rendered /home/red/.rvm/gems/ruby-2.2.1/gems/web-console-2.3.0/lib/web_console/templates/_prompt_box_markup.html.erb within layouts/inlined_string (0.4ms)
  Rendered /home/red/.rvm/gems/ruby-2.2.1/gems/web-console-2.3.0/lib/web_console/templates/style.css.erb within layouts/inlined_string (0.4ms)
  Rendered /home/red/.rvm/gems/ruby-2.2.1/gems/web-console-2.3.0/lib/web_console/templates/console.js.erb within layouts/javascript (22.6ms)
  Rendered /home/red/.rvm/gems/ruby-2.2.1/gems/web-console-2.3.0/lib/web_console/templates/main.js.erb within layouts/javascript (0.4ms)
  Rendered /home/red/.rvm/gems/ruby-2.2.1/gems/web-console-2.3.0/lib/web_console/templates/error_page.js.erb within layouts/javascript (0.5ms)
  Rendered /home/red/.rvm/gems/ruby-2.2.1/gems/web-console-2.3.0/lib/web_console/templates/index.html.erb (46.9ms)


Started GET "/" for ::1 at 2016-10-05 13:36:08 -0300
  [1m[36mActiveRecord::SchemaMigration Load (1.8ms)[0m  [1mSELECT `schema_migrations`.* FROM `schema_migrations`[0m
Processing by ItemsController#index as HTML
  [1m[35mUser Load (0.7ms)[0m  SELECT  `users`.* FROM `users` WHERE `users`.`id` = ?  ORDER BY `users`.`id` ASC LIMIT 1  [["id", 1]]
  [1m[36mItem Load (0.6ms)[0m  [1mSELECT `items`.* FROM `items`[0m
  Rendered items/index.html.erb within layouts/application (293.4ms)
  Rendered layouts/_header.html.erb (3.5ms)
Completed 200 OK in 523ms (Views: 498.0ms | ActiveRecord: 3.3ms)


Started GET "/javascripts/ratyrate.js" for ::1 at 2016-10-05 13:36:09 -0300

ActionController::RoutingError (No route matches [GET] "/javascripts/ratyrate.js"):
  actionpack (4.2.6) lib/action_dispatch/middleware/debug_exceptions.rb:21:in `call'
  web-console (2.3.0) lib/web_console/middleware.rb:28:in `block in call'
  web-console (2.3.0) lib/web_console/middleware.rb:18:in `catch'
  web-console (2.3.0) lib/web_console/middleware.rb:18:in `call'
  actionpack (4.2.6) lib/action_dispatch/middleware/show_exceptions.rb:30:in `call'
  railties (4.2.6) lib/rails/rack/logger.rb:38:in `call_app'
  railties (4.2.6) lib/rails/rack/logger.rb:20:in `block in call'
  activesupport (4.2.6) lib/active_support/tagged_logging.rb:68:in `block in tagged'
  activesupport (4.2.6) lib/active_support/tagged_logging.rb:26:in `tagged'
  activesupport (4.2.6) lib/active_support/tagged_logging.rb:68:in `tagged'
  railties (4.2.6) lib/rails/rack/logger.rb:20:in `call'
  actionpack (4.2.6) lib/action_dispatch/middleware/request_id.rb:21:in `call'
  rack (1.6.4) lib/rack/methodoverride.rb:22:in `call'
  rack (1.6.4) lib/rack/runtime.rb:18:in `call'
  activesupport (4.2.6) lib/active_support/cache/strategy/local_cache_middleware.rb:28:in `call'
  rack (1.6.4) lib/rack/lock.rb:17:in `call'
  actionpack (4.2.6) lib/action_dispatch/middleware/static.rb:120:in `call'
  rack (1.6.4) lib/rack/sendfile.rb:113:in `call'
  railties (4.2.6) lib/rails/engine.rb:518:in `call'
  railties (4.2.6) lib/rails/application.rb:165:in `call'
  rack (1.6.4) lib/rack/lock.rb:17:in `call'
  rack (1.6.4) lib/rack/content_length.rb:15:in `call'
  rack (1.6.4) lib/rack/handler/webrick.rb:88:in `service'
  /home/red/.rvm/rubies/ruby-2.2.1/lib/ruby/2.2.0/webrick/httpserver.rb:138:in `service'
  /home/red/.rvm/rubies/ruby-2.2.1/lib/ruby/2.2.0/webrick/httpserver.rb:94:in `run'
  /home/red/.rvm/rubies/ruby-2.2.1/lib/ruby/2.2.0/webrick/server.rb:294:in `block in start_thread'


  Rendered /home/red/.rvm/gems/ruby-2.2.1/gems/actionpack-4.2.6/lib/action_dispatch/middleware/templates/rescues/_trace.html.erb (5.1ms)
  Rendered /home/red/.rvm/gems/ruby-2.2.1/gems/actionpack-4.2.6/lib/action_dispatch/middleware/templates/routes/_route.html.erb (4.3ms)
  Rendered /home/red/.rvm/gems/ruby-2.2.1/gems/actionpack-4.2.6/lib/action_dispatch/middleware/templates/routes/_table.html.erb (13.1ms)
  Rendered /home/red/.rvm/gems/ruby-2.2.1/gems/actionpack-4.2.6/lib/action_dispatch/middleware/templates/rescues/_request_and_response.html.erb (5.0ms)
  Rendered /home/red/.rvm/gems/ruby-2.2.1/gems/actionpack-4.2.6/lib/action_dispatch/middleware/templates/rescues/routing_error.html.erb within rescues/layout (102.9ms)
  Rendered /home/red/.rvm/gems/ruby-2.2.1/gems/web-console-2.3.0/lib/web_console/templates/_markup.html.erb (1.6ms)
  Rendered /home/red/.rvm/gems/ruby-2.2.1/gems/web-console-2.3.0/lib/web_console/templates/_inner_console_markup.html.erb within layouts/inlined_string (2.5ms)
  Rendered /home/red/.rvm/gems/ruby-2.2.1/gems/web-console-2.3.0/lib/web_console/templates/_prompt_box_markup.html.erb within layouts/inlined_string (1.1ms)
  Rendered /home/red/.rvm/gems/ruby-2.2.1/gems/web-console-2.3.0/lib/web_console/templates/style.css.erb within layouts/inlined_string (1.1ms)
  Rendered /home/red/.rvm/gems/ruby-2.2.1/gems/web-console-2.3.0/lib/web_console/templates/console.js.erb within layouts/javascript (49.7ms)
  Rendered /home/red/.rvm/gems/ruby-2.2.1/gems/web-console-2.3.0/lib/web_console/templates/main.js.erb within layouts/javascript (0.6ms)
  Rendered /home/red/.rvm/gems/ruby-2.2.1/gems/web-console-2.3.0/lib/web_console/templates/error_page.js.erb within layouts/javascript (0.7ms)
  Rendered /home/red/.rvm/gems/ruby-2.2.1/gems/web-console-2.3.0/lib/web_console/templates/index.html.erb (80.8ms)


Started GET "/items/new" for ::1 at 2016-10-05 13:36:11 -0300
Processing by ItemsController#new as HTML
  [1m[35mUser Load (0.5ms)[0m  SELECT  `users`.* FROM `users` WHERE `users`.`id` = ?  ORDER BY `users`.`id` ASC LIMIT 1  [["id", 1]]
  Rendered items/_form.html.erb (17.3ms)
  Rendered items/new.html.erb within layouts/application (18.4ms)
  Rendered layouts/_header.html.erb (1.4ms)
Completed 200 OK in 131ms (Views: 79.9ms | ActiveRecord: 0.5ms)


Started POST "/items" for ::1 at 2016-10-05 13:36:26 -0300
Processing by ItemsController#create as HTML
  Parameters: {"utf8"=>"✓", "authenticity_token"=>"z3HAwH7fafH9sOBh8sz3gSf5oOYb7SkhsBNI53JmVjp6POXPVLMIRoeu13hgYdnIUPGwLNrW+Kmrz3mCWnYbHQ==", "item"=>{"image"=>#<ActionDispatch::Http::UploadedFile:0x007fd0aad2d340 @tempfile=#<Tempfile:/tmp/RackMultipart20161005-10855-16ytd0n.jpg>, @original_filename="armada_de_chile.jpg", @content_type="image/jpeg", @headers="Content-Disposition: form-data; name=\"item[image]\"; filename=\"armada_de_chile.jpg\"\r\nContent-Type: image/jpeg\r\n">, "Place"=>"Edificio Armada de Chile", "description"=>"", "region"=>"Valparaíso", "environment"=>"Artificial", "activities"=>"Paseo Cultural", "direccion"=>"Sotomayor 594, Valparaíso, Región de Valparaíso, Chile"}, "button"=>""}
  [1m[36mUser Load (0.5ms)[0m  [1mSELECT  `users`.* FROM `users` WHERE `users`.`id` = ?  ORDER BY `users`.`id` ASC LIMIT 1[0m  [["id", 1]]
Command :: file -b --mime '/tmp/ee192e7ad58b19be886694a62366e37d20161005-10855-5n4gsw.jpg'
Command :: identify -format '%wx%h,%[exif:orientation]' '/tmp/ee192e7ad58b19be886694a62366e37d20161005-10855-1lh279o.jpg[0]' 2>/dev/null
Command :: identify -format %m '/tmp/ee192e7ad58b19be886694a62366e37d20161005-10855-1lh279o.jpg[0]'
Command :: convert '/tmp/ee192e7ad58b19be886694a62366e37d20161005-10855-1lh279o.jpg[0]' -auto-orient -resize "800x" -crop "800x360+0+86" +repage '/tmp/25da75b56c1c5af4e029f6517207f37a20161005-10855-z4ssbv'
Command :: identify -format '%wx%h,%[exif:orientation]' '/tmp/ee192e7ad58b19be886694a62366e37d20161005-10855-1lh279o.jpg[0]' 2>/dev/null
Command :: identify -format %m '/tmp/ee192e7ad58b19be886694a62366e37d20161005-10855-1lh279o.jpg[0]'
Command :: convert '/tmp/ee192e7ad58b19be886694a62366e37d20161005-10855-1lh279o.jpg[0]' -auto-orient -resize "400x" -crop "400x180+0+43" +repage '/tmp/25da75b56c1c5af4e029f6517207f37a20161005-10855-1i1ir7m'
Command :: identify -format '%wx%h,%[exif:orientation]' '/tmp/ee192e7ad58b19be886694a62366e37d20161005-10855-1lh279o.jpg[0]' 2>/dev/null
Command :: identify -format %m '/tmp/ee192e7ad58b19be886694a62366e37d20161005-10855-1lh279o.jpg[0]'
Command :: convert '/tmp/ee192e7ad58b19be886694a62366e37d20161005-10855-1lh279o.jpg[0]' -auto-orient -resize "100x100>" '/tmp/25da75b56c1c5af4e029f6517207f37a20161005-10855-1nfeycn'
  [1m[35mSQL (0.2ms)[0m  BEGIN
Command :: file -b --mime '/tmp/ee192e7ad58b19be886694a62366e37d20161005-10855-17kpq9i.jpg'
  [1m[36mSQL (0.6ms)[0m  [1mINSERT INTO `items` (`Place`, `description`, `region`, `environment`, `activities`, `image_file_name`, `image_content_type`, `image_file_size`, `image_updated_at`, `direccion`, `created_at`, `updated_at`) VALUES (?, ?, ?, ?, ?, ?, ?, ?, ?, ?, ?, ?)[0m  [["Place", "Edificio Armada de Chile"], ["description", ""], ["region", "Valparaíso"], ["environment", "Artificial"], ["activities", "Paseo Cultural"], ["image_file_name", "armada_de_chile.jpg"], ["image_content_type", "image/png"], ["image_file_size", 635809], ["image_updated_at", "2016-10-05 16:36:26"], ["direccion", "Sotomayor 594, Valparaíso, Región de Valparaíso, Chile"], ["created_at", "2016-10-05 16:36:27"], ["updated_at", "2016-10-05 16:36:27"]]
  [1m[35m (60.9ms)[0m  COMMIT
Redirected to http://localhost:3000/items/2
Completed 302 Found in 1024ms (ActiveRecord: 62.1ms)


Started GET "/items/2" for ::1 at 2016-10-05 13:36:27 -0300
Processing by ItemsController#show as HTML
  Parameters: {"id"=>"2"}
  [1m[36mItem Load (0.6ms)[0m  [1mSELECT  `items`.* FROM `items` WHERE `items`.`id` = ? LIMIT 1[0m  [["id", 2]]
  [1m[35mReview Load (0.5ms)[0m  SELECT `reviews`.* FROM `reviews` WHERE `reviews`.`item_id` = ?  [["item_id", 2]]
  [1m[36mSQL (0.1ms)[0m  [1mBEGIN[0m
  [1m[35mSQL (0.5ms)[0m  UPDATE `items` SET `promedio` = ?, `updated_at` = ? WHERE `items`.`id` = ?  [["promedio", 0.0], ["updated_at", "2016-10-05 16:36:27"], ["id", 2]]
  [1m[36m (64.1ms)[0m  [1mCOMMIT[0m
  Rendered items/show.html.erb within layouts/application (5.6ms)
Completed 500 Internal Server Error in 87ms (ActiveRecord: 66.6ms)

ActionView::Template::Error (incompatible character encodings: UTF-8 and ASCII-8BIT):
    17:             </tr>
    18:             <tr>
    19:               <td><strong>Provincia: </strong></td>
    20:               <td><%= @item.region %></td>
    21:             </tr>
    22:             <tr>
    23:               <td><strong>Clima: </strong></td>
  app/views/items/show.html.erb:20:in `_app_views_items_show_html_erb___3543945489734706060_70267099206860'


  Rendered /home/red/.rvm/gems/ruby-2.2.1/gems/actionpack-4.2.6/lib/action_dispatch/middleware/templates/rescues/_source.erb (9.2ms)
  Rendered /home/red/.rvm/gems/ruby-2.2.1/gems/actionpack-4.2.6/lib/action_dispatch/middleware/templates/rescues/_trace.html.erb (3.6ms)
  Rendered /home/red/.rvm/gems/ruby-2.2.1/gems/actionpack-4.2.6/lib/action_dispatch/middleware/templates/rescues/_request_and_response.html.erb (1.4ms)
  Rendered /home/red/.rvm/gems/ruby-2.2.1/gems/actionpack-4.2.6/lib/action_dispatch/middleware/templates/rescues/template_error.html.erb within rescues/layout (33.4ms)
  Rendered /home/red/.rvm/gems/ruby-2.2.1/gems/web-console-2.3.0/lib/web_console/templates/_markup.html.erb (0.9ms)
  Rendered /home/red/.rvm/gems/ruby-2.2.1/gems/web-console-2.3.0/lib/web_console/templates/_inner_console_markup.html.erb within layouts/inlined_string (0.4ms)
  Rendered /home/red/.rvm/gems/ruby-2.2.1/gems/web-console-2.3.0/lib/web_console/templates/_prompt_box_markup.html.erb within layouts/inlined_string (0.4ms)
  Rendered /home/red/.rvm/gems/ruby-2.2.1/gems/web-console-2.3.0/lib/web_console/templates/style.css.erb within layouts/inlined_string (0.6ms)
  Rendered /home/red/.rvm/gems/ruby-2.2.1/gems/web-console-2.3.0/lib/web_console/templates/console.js.erb within layouts/javascript (22.8ms)
  Rendered /home/red/.rvm/gems/ruby-2.2.1/gems/web-console-2.3.0/lib/web_console/templates/main.js.erb within layouts/javascript (0.5ms)
  Rendered /home/red/.rvm/gems/ruby-2.2.1/gems/web-console-2.3.0/lib/web_console/templates/error_page.js.erb within layouts/javascript (0.6ms)
  Rendered /home/red/.rvm/gems/ruby-2.2.1/gems/web-console-2.3.0/lib/web_console/templates/index.html.erb (49.2ms)
  [1m[36mActiveRecord::SchemaMigration Load (0.3ms)[0m  [1mSELECT `schema_migrations`.* FROM `schema_migrations`[0m
  [1m[35mActiveRecord::SchemaMigration Load (0.2ms)[0m  SELECT `schema_migrations`.* FROM `schema_migrations`
  [1m[36m (0.4ms)[0m  [1mSELECT fk.referenced_table_name as 'to_table'
      ,fk.referenced_column_name as 'primary_key'
      ,fk.column_name as 'column'
      ,fk.constraint_name as 'name'
FROM information_schema.key_column_usage fk
WHERE fk.referenced_column_name is not null
  AND fk.table_schema = 'dev_development'
  AND fk.table_name = 'items'
[0m
  [1m[35m (0.3ms)[0m  SHOW CREATE TABLE `items`
  [1m[36m (0.3ms)[0m  [1mSELECT fk.referenced_table_name as 'to_table'
      ,fk.referenced_column_name as 'primary_key'
      ,fk.column_name as 'column'
      ,fk.constraint_name as 'name'
FROM information_schema.key_column_usage fk
WHERE fk.referenced_column_name is not null
  AND fk.table_schema = 'dev_development'
  AND fk.table_name = 'reviews'
[0m
  [1m[35m (0.3ms)[0m  SHOW CREATE TABLE `reviews`
  [1m[36m (0.3ms)[0m  [1mSELECT fk.referenced_table_name as 'to_table'
      ,fk.referenced_column_name as 'primary_key'
      ,fk.column_name as 'column'
      ,fk.constraint_name as 'name'
FROM information_schema.key_column_usage fk
WHERE fk.referenced_column_name is not null
  AND fk.table_schema = 'dev_development'
  AND fk.table_name = 'users'
[0m
  [1m[35m (0.3ms)[0m  SHOW CREATE TABLE `users`


Started GET "/users/edit" for ::1 at 2016-10-05 13:38:10 -0300
  [1m[36mActiveRecord::SchemaMigration Load (0.6ms)[0m  [1mSELECT `schema_migrations`.* FROM `schema_migrations`[0m
Processing by RegistrationsController#edit as HTML
  [1m[35mUser Load (2.0ms)[0m  SELECT  `users`.* FROM `users` WHERE `users`.`id` = 1  ORDER BY `users`.`id` ASC LIMIT 1
  [1m[36mItem Load (0.6ms)[0m  [1mSELECT `items`.* FROM `items`[0m
  [1m[35mReview Load (0.5ms)[0m  SELECT  `reviews`.* FROM `reviews` WHERE `reviews`.`user_id` = 1 AND `reviews`.`item_id` = 1  ORDER BY `reviews`.`id` ASC LIMIT 1
  [1m[36mReview Load (0.7ms)[0m  [1mSELECT  `reviews`.* FROM `reviews` WHERE `reviews`.`user_id` = 1 AND `reviews`.`item_id` = 2  ORDER BY `reviews`.`id` ASC LIMIT 1[0m
  [1m[35mReview Load (0.5ms)[0m  SELECT `reviews`.* FROM `reviews` WHERE `reviews`.`user_id` = 1
  [1m[36mCACHE (0.0ms)[0m  [1mSELECT `reviews`.* FROM `reviews` WHERE `reviews`.`user_id` = 1[0m  [["user_id", 1]]
  [1m[35mUser Load (0.5ms)[0m  SELECT `users`.* FROM `users` WHERE (id <> 1)
  [1m[36mCACHE (0.0ms)[0m  [1mSELECT `reviews`.* FROM `reviews` WHERE `reviews`.`user_id` = 1[0m  [["user_id", 1]]
  [1m[35mCACHE (0.0ms)[0m  SELECT `users`.* FROM `users` WHERE (id <> 1)
  Rendered items/_recommended.html.erb (50.8ms)
  Rendered devise/registrations/edit.html.erb within layouts/application (88.1ms)
  Rendered layouts/_header.html.erb (3.0ms)
Completed 200 OK in 645ms (Views: 590.7ms | ActiveRecord: 8.9ms)


Started GET "/" for ::1 at 2016-10-05 13:38:15 -0300
Processing by ItemsController#index as HTML
  [1m[36mUser Load (1.4ms)[0m  [1mSELECT  `users`.* FROM `users` WHERE `users`.`id` = 1  ORDER BY `users`.`id` ASC LIMIT 1[0m
  [1m[35mItem Load (0.3ms)[0m  SELECT `items`.* FROM `items`
  Rendered items/index.html.erb within layouts/application (24.2ms)
  Rendered layouts/_header.html.erb (0.7ms)
Completed 200 OK in 116ms (Views: 109.5ms | ActiveRecord: 1.7ms)


Started GET "/javascripts/ratyrate.js" for ::1 at 2016-10-05 13:38:15 -0300

ActionController::RoutingError (No route matches [GET] "/javascripts/ratyrate.js"):
  actionpack (4.2.6) lib/action_dispatch/middleware/debug_exceptions.rb:21:in `call'
  web-console (2.3.0) lib/web_console/middleware.rb:28:in `block in call'
  web-console (2.3.0) lib/web_console/middleware.rb:18:in `catch'
  web-console (2.3.0) lib/web_console/middleware.rb:18:in `call'
  actionpack (4.2.6) lib/action_dispatch/middleware/show_exceptions.rb:30:in `call'
  railties (4.2.6) lib/rails/rack/logger.rb:38:in `call_app'
  railties (4.2.6) lib/rails/rack/logger.rb:20:in `block in call'
  activesupport (4.2.6) lib/active_support/tagged_logging.rb:68:in `block in tagged'
  activesupport (4.2.6) lib/active_support/tagged_logging.rb:26:in `tagged'
  activesupport (4.2.6) lib/active_support/tagged_logging.rb:68:in `tagged'
  railties (4.2.6) lib/rails/rack/logger.rb:20:in `call'
  actionpack (4.2.6) lib/action_dispatch/middleware/request_id.rb:21:in `call'
  rack (1.6.4) lib/rack/methodoverride.rb:22:in `call'
  rack (1.6.4) lib/rack/runtime.rb:18:in `call'
  activesupport (4.2.6) lib/active_support/cache/strategy/local_cache_middleware.rb:28:in `call'
  rack (1.6.4) lib/rack/lock.rb:17:in `call'
  actionpack (4.2.6) lib/action_dispatch/middleware/static.rb:120:in `call'
  rack (1.6.4) lib/rack/sendfile.rb:113:in `call'
  railties (4.2.6) lib/rails/engine.rb:518:in `call'
  railties (4.2.6) lib/rails/application.rb:165:in `call'
  rack (1.6.4) lib/rack/lock.rb:17:in `call'
  rack (1.6.4) lib/rack/content_length.rb:15:in `call'
  rack (1.6.4) lib/rack/handler/webrick.rb:88:in `service'
  /home/red/.rvm/rubies/ruby-2.2.1/lib/ruby/2.2.0/webrick/httpserver.rb:138:in `service'
  /home/red/.rvm/rubies/ruby-2.2.1/lib/ruby/2.2.0/webrick/httpserver.rb:94:in `run'
  /home/red/.rvm/rubies/ruby-2.2.1/lib/ruby/2.2.0/webrick/server.rb:294:in `block in start_thread'


  Rendered /home/red/.rvm/gems/ruby-2.2.1/gems/actionpack-4.2.6/lib/action_dispatch/middleware/templates/rescues/_trace.html.erb (3.8ms)
  Rendered /home/red/.rvm/gems/ruby-2.2.1/gems/actionpack-4.2.6/lib/action_dispatch/middleware/templates/routes/_route.html.erb (4.4ms)
  Rendered /home/red/.rvm/gems/ruby-2.2.1/gems/actionpack-4.2.6/lib/action_dispatch/middleware/templates/routes/_table.html.erb (5.7ms)
  Rendered /home/red/.rvm/gems/ruby-2.2.1/gems/actionpack-4.2.6/lib/action_dispatch/middleware/templates/rescues/_request_and_response.html.erb (2.5ms)
  Rendered /home/red/.rvm/gems/ruby-2.2.1/gems/actionpack-4.2.6/lib/action_dispatch/middleware/templates/rescues/routing_error.html.erb within rescues/layout (80.3ms)
  Rendered /home/red/.rvm/gems/ruby-2.2.1/gems/web-console-2.3.0/lib/web_console/templates/_markup.html.erb (0.8ms)
  Rendered /home/red/.rvm/gems/ruby-2.2.1/gems/web-console-2.3.0/lib/web_console/templates/_inner_console_markup.html.erb within layouts/inlined_string (1.6ms)
  Rendered /home/red/.rvm/gems/ruby-2.2.1/gems/web-console-2.3.0/lib/web_console/templates/_prompt_box_markup.html.erb within layouts/inlined_string (0.6ms)
  Rendered /home/red/.rvm/gems/ruby-2.2.1/gems/web-console-2.3.0/lib/web_console/templates/style.css.erb within layouts/inlined_string (0.5ms)
  Rendered /home/red/.rvm/gems/ruby-2.2.1/gems/web-console-2.3.0/lib/web_console/templates/console.js.erb within layouts/javascript (35.3ms)
  Rendered /home/red/.rvm/gems/ruby-2.2.1/gems/web-console-2.3.0/lib/web_console/templates/main.js.erb within layouts/javascript (0.4ms)
  Rendered /home/red/.rvm/gems/ruby-2.2.1/gems/web-console-2.3.0/lib/web_console/templates/error_page.js.erb within layouts/javascript (0.9ms)
  Rendered /home/red/.rvm/gems/ruby-2.2.1/gems/web-console-2.3.0/lib/web_console/templates/index.html.erb (66.8ms)


Started GET "/items?utf8=%E2%9C%93&search=armada" for ::1 at 2016-10-05 13:38:20 -0300
Processing by ItemsController#index as HTML
  Parameters: {"utf8"=>"✓", "search"=>"armada"}
  [1m[36mUser Load (0.6ms)[0m  [1mSELECT  `users`.* FROM `users` WHERE `users`.`id` = 1  ORDER BY `users`.`id` ASC LIMIT 1[0m
  [1m[35mItem Load (0.7ms)[0m  SELECT `items`.* FROM `items` WHERE (place LIKE '%armada%' or region LIKE '%armada%')  ORDER BY created_at DESC
  Rendered items/index.html.erb within layouts/application (8.9ms)
  Rendered layouts/_header.html.erb (0.7ms)
Completed 200 OK in 78ms (Views: 75.3ms | ActiveRecord: 1.3ms)


Started GET "/javascripts/ratyrate.js" for ::1 at 2016-10-05 13:38:20 -0300

ActionController::RoutingError (No route matches [GET] "/javascripts/ratyrate.js"):
  actionpack (4.2.6) lib/action_dispatch/middleware/debug_exceptions.rb:21:in `call'
  web-console (2.3.0) lib/web_console/middleware.rb:28:in `block in call'
  web-console (2.3.0) lib/web_console/middleware.rb:18:in `catch'
  web-console (2.3.0) lib/web_console/middleware.rb:18:in `call'
  actionpack (4.2.6) lib/action_dispatch/middleware/show_exceptions.rb:30:in `call'
  railties (4.2.6) lib/rails/rack/logger.rb:38:in `call_app'
  railties (4.2.6) lib/rails/rack/logger.rb:20:in `block in call'
  activesupport (4.2.6) lib/active_support/tagged_logging.rb:68:in `block in tagged'
  activesupport (4.2.6) lib/active_support/tagged_logging.rb:26:in `tagged'
  activesupport (4.2.6) lib/active_support/tagged_logging.rb:68:in `tagged'
  railties (4.2.6) lib/rails/rack/logger.rb:20:in `call'
  actionpack (4.2.6) lib/action_dispatch/middleware/request_id.rb:21:in `call'
  rack (1.6.4) lib/rack/methodoverride.rb:22:in `call'
  rack (1.6.4) lib/rack/runtime.rb:18:in `call'
  activesupport (4.2.6) lib/active_support/cache/strategy/local_cache_middleware.rb:28:in `call'
  rack (1.6.4) lib/rack/lock.rb:17:in `call'
  actionpack (4.2.6) lib/action_dispatch/middleware/static.rb:120:in `call'
  rack (1.6.4) lib/rack/sendfile.rb:113:in `call'
  railties (4.2.6) lib/rails/engine.rb:518:in `call'
  railties (4.2.6) lib/rails/application.rb:165:in `call'
  rack (1.6.4) lib/rack/lock.rb:17:in `call'
  rack (1.6.4) lib/rack/content_length.rb:15:in `call'
  rack (1.6.4) lib/rack/handler/webrick.rb:88:in `service'
  /home/red/.rvm/rubies/ruby-2.2.1/lib/ruby/2.2.0/webrick/httpserver.rb:138:in `service'
  /home/red/.rvm/rubies/ruby-2.2.1/lib/ruby/2.2.0/webrick/httpserver.rb:94:in `run'
  /home/red/.rvm/rubies/ruby-2.2.1/lib/ruby/2.2.0/webrick/server.rb:294:in `block in start_thread'


  Rendered /home/red/.rvm/gems/ruby-2.2.1/gems/actionpack-4.2.6/lib/action_dispatch/middleware/templates/rescues/_trace.html.erb (3.0ms)
  Rendered /home/red/.rvm/gems/ruby-2.2.1/gems/actionpack-4.2.6/lib/action_dispatch/middleware/templates/routes/_route.html.erb (4.4ms)
  Rendered /home/red/.rvm/gems/ruby-2.2.1/gems/actionpack-4.2.6/lib/action_dispatch/middleware/templates/routes/_table.html.erb (2.8ms)
  Rendered /home/red/.rvm/gems/ruby-2.2.1/gems/actionpack-4.2.6/lib/action_dispatch/middleware/templates/rescues/_request_and_response.html.erb (2.6ms)
  Rendered /home/red/.rvm/gems/ruby-2.2.1/gems/actionpack-4.2.6/lib/action_dispatch/middleware/templates/rescues/routing_error.html.erb within rescues/layout (74.6ms)
  Rendered /home/red/.rvm/gems/ruby-2.2.1/gems/web-console-2.3.0/lib/web_console/templates/_markup.html.erb (0.8ms)
  Rendered /home/red/.rvm/gems/ruby-2.2.1/gems/web-console-2.3.0/lib/web_console/templates/_inner_console_markup.html.erb within layouts/inlined_string (0.7ms)
  Rendered /home/red/.rvm/gems/ruby-2.2.1/gems/web-console-2.3.0/lib/web_console/templates/_prompt_box_markup.html.erb within layouts/inlined_string (0.6ms)
  Rendered /home/red/.rvm/gems/ruby-2.2.1/gems/web-console-2.3.0/lib/web_console/templates/style.css.erb within layouts/inlined_string (0.7ms)
  Rendered /home/red/.rvm/gems/ruby-2.2.1/gems/web-console-2.3.0/lib/web_console/templates/console.js.erb within layouts/javascript (36.2ms)
  Rendered /home/red/.rvm/gems/ruby-2.2.1/gems/web-console-2.3.0/lib/web_console/templates/main.js.erb within layouts/javascript (0.6ms)
  Rendered /home/red/.rvm/gems/ruby-2.2.1/gems/web-console-2.3.0/lib/web_console/templates/error_page.js.erb within layouts/javascript (1.4ms)
  Rendered /home/red/.rvm/gems/ruby-2.2.1/gems/web-console-2.3.0/lib/web_console/templates/index.html.erb (73.2ms)


Started GET "/javascripts/ratyrate.js" for ::1 at 2016-10-05 13:38:20 -0300

ActionController::RoutingError (No route matches [GET] "/javascripts/ratyrate.js"):
  actionpack (4.2.6) lib/action_dispatch/middleware/debug_exceptions.rb:21:in `call'
  web-console (2.3.0) lib/web_console/middleware.rb:28:in `block in call'
  web-console (2.3.0) lib/web_console/middleware.rb:18:in `catch'
  web-console (2.3.0) lib/web_console/middleware.rb:18:in `call'
  actionpack (4.2.6) lib/action_dispatch/middleware/show_exceptions.rb:30:in `call'
  railties (4.2.6) lib/rails/rack/logger.rb:38:in `call_app'
  railties (4.2.6) lib/rails/rack/logger.rb:20:in `block in call'
  activesupport (4.2.6) lib/active_support/tagged_logging.rb:68:in `block in tagged'
  activesupport (4.2.6) lib/active_support/tagged_logging.rb:26:in `tagged'
  activesupport (4.2.6) lib/active_support/tagged_logging.rb:68:in `tagged'
  railties (4.2.6) lib/rails/rack/logger.rb:20:in `call'
  actionpack (4.2.6) lib/action_dispatch/middleware/request_id.rb:21:in `call'
  rack (1.6.4) lib/rack/methodoverride.rb:22:in `call'
  rack (1.6.4) lib/rack/runtime.rb:18:in `call'
  activesupport (4.2.6) lib/active_support/cache/strategy/local_cache_middleware.rb:28:in `call'
  rack (1.6.4) lib/rack/lock.rb:17:in `call'
  actionpack (4.2.6) lib/action_dispatch/middleware/static.rb:120:in `call'
  rack (1.6.4) lib/rack/sendfile.rb:113:in `call'
  railties (4.2.6) lib/rails/engine.rb:518:in `call'
  railties (4.2.6) lib/rails/application.rb:165:in `call'
  rack (1.6.4) lib/rack/lock.rb:17:in `call'
  rack (1.6.4) lib/rack/content_length.rb:15:in `call'
  rack (1.6.4) lib/rack/handler/webrick.rb:88:in `service'
  /home/red/.rvm/rubies/ruby-2.2.1/lib/ruby/2.2.0/webrick/httpserver.rb:138:in `service'
  /home/red/.rvm/rubies/ruby-2.2.1/lib/ruby/2.2.0/webrick/httpserver.rb:94:in `run'
  /home/red/.rvm/rubies/ruby-2.2.1/lib/ruby/2.2.0/webrick/server.rb:294:in `block in start_thread'


  Rendered /home/red/.rvm/gems/ruby-2.2.1/gems/actionpack-4.2.6/lib/action_dispatch/middleware/templates/rescues/_trace.html.erb (2.5ms)
  Rendered /home/red/.rvm/gems/ruby-2.2.1/gems/actionpack-4.2.6/lib/action_dispatch/middleware/templates/routes/_route.html.erb (4.0ms)
  Rendered /home/red/.rvm/gems/ruby-2.2.1/gems/actionpack-4.2.6/lib/action_dispatch/middleware/templates/routes/_table.html.erb (3.3ms)
  Rendered /home/red/.rvm/gems/ruby-2.2.1/gems/actionpack-4.2.6/lib/action_dispatch/middleware/templates/rescues/_request_and_response.html.erb (1.6ms)
  Rendered /home/red/.rvm/gems/ruby-2.2.1/gems/actionpack-4.2.6/lib/action_dispatch/middleware/templates/rescues/routing_error.html.erb within rescues/layout (50.6ms)
  Rendered /home/red/.rvm/gems/ruby-2.2.1/gems/web-console-2.3.0/lib/web_console/templates/_markup.html.erb (0.6ms)
  Rendered /home/red/.rvm/gems/ruby-2.2.1/gems/web-console-2.3.0/lib/web_console/templates/_inner_console_markup.html.erb within layouts/inlined_string (0.6ms)
  Rendered /home/red/.rvm/gems/ruby-2.2.1/gems/web-console-2.3.0/lib/web_console/templates/_prompt_box_markup.html.erb within layouts/inlined_string (0.5ms)
  Rendered /home/red/.rvm/gems/ruby-2.2.1/gems/web-console-2.3.0/lib/web_console/templates/style.css.erb within layouts/inlined_string (0.6ms)
  Rendered /home/red/.rvm/gems/ruby-2.2.1/gems/web-console-2.3.0/lib/web_console/templates/console.js.erb within layouts/javascript (26.5ms)
  Rendered /home/red/.rvm/gems/ruby-2.2.1/gems/web-console-2.3.0/lib/web_console/templates/main.js.erb within layouts/javascript (0.5ms)
  Rendered /home/red/.rvm/gems/ruby-2.2.1/gems/web-console-2.3.0/lib/web_console/templates/error_page.js.erb within layouts/javascript (1.7ms)
  Rendered /home/red/.rvm/gems/ruby-2.2.1/gems/web-console-2.3.0/lib/web_console/templates/index.html.erb (52.9ms)
